<?xml version="1.0" encoding="UTF-8"?>
<!-- Generated by org.testng.reporters.JUnitXMLReporter -->
<testsuite ignored="0" hostname="Kavya" failures="11" tests="25" name="TestDemoQA" time="532.043" errors="0" timestamp="2023-05-15T11:12:13 IST">
  <testcase classname="com.demoqa.testcases.InteractionsTest" name="validateInteractions" time="0.138"/>
  <testcase classname="com.demoqa.testcases.InteractionsTest" name="validateSelectable" time="1.284">
    <failure type="org.openqa.selenium.ElementClickInterceptedException" message="element click intercepted: Element &amp;lt;li class=&amp;quot;btn btn-light &amp;quot; id=&amp;quot;item-1&amp;quot;&amp;gt;...&amp;lt;/li&amp;gt; is not clickable at point (200, 612). Other element would receive the click: &amp;lt;div id=&amp;quot;fixedban&amp;quot; style=&amp;quot;width:100%;margin:auto;text-align:center;float:none;overflow:hidden;display:scroll;position:fixed;bottom:0;z-index:9999999&amp;quot;&amp;gt;...&amp;lt;/div&amp;gt;
  (Session info: chrome=113.0.5672.93)
Build info: version: &amp;apos;4.8.1&amp;apos;, revision: &amp;apos;8ebccac989&amp;apos;
System info: os.name: &amp;apos;Windows 11&amp;apos;, os.arch: &amp;apos;amd64&amp;apos;, os.version: &amp;apos;10.0&amp;apos;, java.version: &amp;apos;17.0.5&amp;apos;
Driver info: org.openqa.selenium.chrome.ChromeDriver
Command: [eb28c62b5af9847742a5459cade6d449, clickElement {id=BCFDB2A310D97F8B704352D4E7630D3A_element_24}]
Capabilities {acceptInsecureCerts: false, browserName: chrome, browserVersion: 113.0.5672.93, chrome: {chromedriverVersion: 113.0.5672.63 (0e1a4471d5ae..., userDataDir: C:\Users\disan\AppData\Loca...}, goog:chromeOptions: {debuggerAddress: localhost:64307}, networkConnectionEnabled: false, pageLoadStrategy: normal, platformName: WINDOWS, proxy: Proxy(), se:cdp: ws://localhost:64307/devtoo..., se:cdpVersion: 113.0.5672.93, setWindowRect: true, strictFileInteractability: false, timeouts: {implicit: 0, pageLoad: 300000, script: 30000}, unhandledPromptBehavior: dismiss and notify, webauthn:extension:credBlob: true, webauthn:extension:largeBlob: true, webauthn:extension:minPinLength: true, webauthn:extension:prf: true, webauthn:virtualAuthenticators: true}
Element: [[ChromeDriver: chrome on WINDOWS (eb28c62b5af9847742a5459cade6d449)] -&amp;gt; xpath: (//*[@id=&amp;quot;item-1&amp;quot;])[4]]
Session ID: eb28c62b5af9847742a5459cade6d449">
      <![CDATA[org.openqa.selenium.ElementClickInterceptedException: element click intercepted: Element <li class="btn btn-light " id="item-1">...</li> is not clickable at point (200, 612). Other element would receive the click: <div id="fixedban" style="width:100%;margin:auto;text-align:center;float:none;overflow:hidden;display:scroll;position:fixed;bottom:0;z-index:9999999">...</div>
  (Session info: chrome=113.0.5672.93)
Build info: version: '4.8.1', revision: '8ebccac989'
System info: os.name: 'Windows 11', os.arch: 'amd64', os.version: '10.0', java.version: '17.0.5'
Driver info: org.openqa.selenium.chrome.ChromeDriver
Command: [eb28c62b5af9847742a5459cade6d449, clickElement {id=BCFDB2A310D97F8B704352D4E7630D3A_element_24}]
Capabilities {acceptInsecureCerts: false, browserName: chrome, browserVersion: 113.0.5672.93, chrome: {chromedriverVersion: 113.0.5672.63 (0e1a4471d5ae..., userDataDir: C:\Users\disan\AppData\Loca...}, goog:chromeOptions: {debuggerAddress: localhost:64307}, networkConnectionEnabled: false, pageLoadStrategy: normal, platformName: WINDOWS, proxy: Proxy(), se:cdp: ws://localhost:64307/devtoo..., se:cdpVersion: 113.0.5672.93, setWindowRect: true, strictFileInteractability: false, timeouts: {implicit: 0, pageLoad: 300000, script: 30000}, unhandledPromptBehavior: dismiss and notify, webauthn:extension:credBlob: true, webauthn:extension:largeBlob: true, webauthn:extension:minPinLength: true, webauthn:extension:prf: true, webauthn:virtualAuthenticators: true}
Element: [[ChromeDriver: chrome on WINDOWS (eb28c62b5af9847742a5459cade6d449)] -> xpath: (//*[@id="item-1"])[4]]
Session ID: eb28c62b5af9847742a5459cade6d449
at org.openqa.selenium.remote.codec.w3c.W3CHttpResponseCodec.createException(W3CHttpResponseCodec.java:200)
at org.openqa.selenium.remote.codec.w3c.W3CHttpResponseCodec.decode(W3CHttpResponseCodec.java:133)
at org.openqa.selenium.remote.codec.w3c.W3CHttpResponseCodec.decode(W3CHttpResponseCodec.java:53)
at org.openqa.selenium.remote.HttpCommandExecutor.execute(HttpCommandExecutor.java:184)
at org.openqa.selenium.remote.service.DriverCommandExecutor.invokeExecute(DriverCommandExecutor.java:167)
at org.openqa.selenium.remote.service.DriverCommandExecutor.execute(DriverCommandExecutor.java:142)
at org.openqa.selenium.remote.RemoteWebDriver.execute(RemoteWebDriver.java:543)
at org.openqa.selenium.remote.RemoteWebElement.execute(RemoteWebElement.java:257)
at org.openqa.selenium.remote.RemoteWebElement.click(RemoteWebElement.java:78)
at com.demoqa.pages.InteractionsPage.selectable(InteractionsPage.java:41)
at com.demoqa.testcases.InteractionsTest.validateSelectable(InteractionsTest.java:40)
at java.base/java.util.ArrayList.forEach(ArrayList.java:1511)
... Removed 32 stack frames]]>
    </failure>
  </testcase> <!-- validateSelectable -->
  <testcase classname="com.demoqa.testcases.InteractionsTest" name="validateSortable" time="1.217">
    <failure type="org.openqa.selenium.ElementClickInterceptedException" message="element click intercepted: Element &amp;lt;li class=&amp;quot;btn btn-light &amp;quot; id=&amp;quot;item-0&amp;quot;&amp;gt;...&amp;lt;/li&amp;gt; is not clickable at point (200, 624). Other element would receive the click: &amp;lt;div id=&amp;quot;fixedban&amp;quot; style=&amp;quot;width:100%;margin:auto;text-align:center;float:none;overflow:hidden;display:scroll;position:fixed;bottom:0;z-index:9999999&amp;quot;&amp;gt;...&amp;lt;/div&amp;gt;
  (Session info: chrome=113.0.5672.93)
Build info: version: &amp;apos;4.8.1&amp;apos;, revision: &amp;apos;8ebccac989&amp;apos;
System info: os.name: &amp;apos;Windows 11&amp;apos;, os.arch: &amp;apos;amd64&amp;apos;, os.version: &amp;apos;10.0&amp;apos;, java.version: &amp;apos;17.0.5&amp;apos;
Driver info: org.openqa.selenium.chrome.ChromeDriver
Command: [de7f1a1d014b3a1482a37ffad6bafccd, clickElement {id=4396D0159C99365350731837E8830C92_element_24}]
Capabilities {acceptInsecureCerts: false, browserName: chrome, browserVersion: 113.0.5672.93, chrome: {chromedriverVersion: 113.0.5672.63 (0e1a4471d5ae..., userDataDir: C:\Users\disan\AppData\Loca...}, goog:chromeOptions: {debuggerAddress: localhost:55595}, networkConnectionEnabled: false, pageLoadStrategy: normal, platformName: WINDOWS, proxy: Proxy(), se:cdp: ws://localhost:55595/devtoo..., se:cdpVersion: 113.0.5672.93, setWindowRect: true, strictFileInteractability: false, timeouts: {implicit: 0, pageLoad: 300000, script: 30000}, unhandledPromptBehavior: dismiss and notify, webauthn:extension:credBlob: true, webauthn:extension:largeBlob: true, webauthn:extension:minPinLength: true, webauthn:extension:prf: true, webauthn:virtualAuthenticators: true}
Element: [[ChromeDriver: chrome on WINDOWS (de7f1a1d014b3a1482a37ffad6bafccd)] -&amp;gt; xpath: (//*[@id=&amp;quot;item-0&amp;quot;])[5]]
Session ID: de7f1a1d014b3a1482a37ffad6bafccd">
      <![CDATA[org.openqa.selenium.ElementClickInterceptedException: element click intercepted: Element <li class="btn btn-light " id="item-0">...</li> is not clickable at point (200, 624). Other element would receive the click: <div id="fixedban" style="width:100%;margin:auto;text-align:center;float:none;overflow:hidden;display:scroll;position:fixed;bottom:0;z-index:9999999">...</div>
  (Session info: chrome=113.0.5672.93)
Build info: version: '4.8.1', revision: '8ebccac989'
System info: os.name: 'Windows 11', os.arch: 'amd64', os.version: '10.0', java.version: '17.0.5'
Driver info: org.openqa.selenium.chrome.ChromeDriver
Command: [de7f1a1d014b3a1482a37ffad6bafccd, clickElement {id=4396D0159C99365350731837E8830C92_element_24}]
Capabilities {acceptInsecureCerts: false, browserName: chrome, browserVersion: 113.0.5672.93, chrome: {chromedriverVersion: 113.0.5672.63 (0e1a4471d5ae..., userDataDir: C:\Users\disan\AppData\Loca...}, goog:chromeOptions: {debuggerAddress: localhost:55595}, networkConnectionEnabled: false, pageLoadStrategy: normal, platformName: WINDOWS, proxy: Proxy(), se:cdp: ws://localhost:55595/devtoo..., se:cdpVersion: 113.0.5672.93, setWindowRect: true, strictFileInteractability: false, timeouts: {implicit: 0, pageLoad: 300000, script: 30000}, unhandledPromptBehavior: dismiss and notify, webauthn:extension:credBlob: true, webauthn:extension:largeBlob: true, webauthn:extension:minPinLength: true, webauthn:extension:prf: true, webauthn:virtualAuthenticators: true}
Element: [[ChromeDriver: chrome on WINDOWS (de7f1a1d014b3a1482a37ffad6bafccd)] -> xpath: (//*[@id="item-0"])[5]]
Session ID: de7f1a1d014b3a1482a37ffad6bafccd
at org.openqa.selenium.remote.codec.w3c.W3CHttpResponseCodec.createException(W3CHttpResponseCodec.java:200)
at org.openqa.selenium.remote.codec.w3c.W3CHttpResponseCodec.decode(W3CHttpResponseCodec.java:133)
at org.openqa.selenium.remote.codec.w3c.W3CHttpResponseCodec.decode(W3CHttpResponseCodec.java:53)
at org.openqa.selenium.remote.HttpCommandExecutor.execute(HttpCommandExecutor.java:184)
at org.openqa.selenium.remote.service.DriverCommandExecutor.invokeExecute(DriverCommandExecutor.java:167)
at org.openqa.selenium.remote.service.DriverCommandExecutor.execute(DriverCommandExecutor.java:142)
at org.openqa.selenium.remote.RemoteWebDriver.execute(RemoteWebDriver.java:543)
at org.openqa.selenium.remote.RemoteWebElement.execute(RemoteWebElement.java:257)
at org.openqa.selenium.remote.RemoteWebElement.click(RemoteWebElement.java:78)
at com.demoqa.pages.InteractionsPage.sortable(InteractionsPage.java:27)
at com.demoqa.testcases.InteractionsTest.validateSortable(InteractionsTest.java:33)
at java.base/java.util.ArrayList.forEach(ArrayList.java:1511)
... Removed 32 stack frames]]>
    </failure>
  </testcase> <!-- validateSortable -->
  <testcase classname="com.demoqa.testcases.WidgetsTest" name="validateAccordian" time="10.276">
    <failure type="org.openqa.selenium.NoSuchElementException" message="no such element: Unable to locate element: {&amp;quot;method&amp;quot;:&amp;quot;xpath&amp;quot;,&amp;quot;selector&amp;quot;:&amp;quot;//*[@id=&amp;quot;section1Heading&amp;quot;]&amp;quot;}
  (Session info: chrome=113.0.5672.93)
For documentation on this error, please visit: https://selenium.dev/exceptions/#no_such_element
Build info: version: &amp;apos;4.8.1&amp;apos;, revision: &amp;apos;8ebccac989&amp;apos;
System info: os.name: &amp;apos;Windows 11&amp;apos;, os.arch: &amp;apos;amd64&amp;apos;, os.version: &amp;apos;10.0&amp;apos;, java.version: &amp;apos;17.0.5&amp;apos;
Driver info: org.openqa.selenium.chrome.ChromeDriver
Command: [d4b10204da27c73b6c2b669e5e4be43e, findElement {using=xpath, value=//*[@id=&amp;quot;section1Heading&amp;quot;]}]
Capabilities {acceptInsecureCerts: false, browserName: chrome, browserVersion: 113.0.5672.93, chrome: {chromedriverVersion: 113.0.5672.63 (0e1a4471d5ae..., userDataDir: C:\Users\disan\AppData\Loca...}, goog:chromeOptions: {debuggerAddress: localhost:59293}, networkConnectionEnabled: false, pageLoadStrategy: normal, platformName: WINDOWS, proxy: Proxy(), se:cdp: ws://localhost:59293/devtoo..., se:cdpVersion: 113.0.5672.93, setWindowRect: true, strictFileInteractability: false, timeouts: {implicit: 0, pageLoad: 300000, script: 30000}, unhandledPromptBehavior: dismiss and notify, webauthn:extension:credBlob: true, webauthn:extension:largeBlob: true, webauthn:extension:minPinLength: true, webauthn:extension:prf: true, webauthn:virtualAuthenticators: true}
Session ID: d4b10204da27c73b6c2b669e5e4be43e">
      <![CDATA[org.openqa.selenium.NoSuchElementException: no such element: Unable to locate element: {"method":"xpath","selector":"//*[@id="section1Heading"]"}
  (Session info: chrome=113.0.5672.93)
For documentation on this error, please visit: https://selenium.dev/exceptions/#no_such_element
Build info: version: '4.8.1', revision: '8ebccac989'
System info: os.name: 'Windows 11', os.arch: 'amd64', os.version: '10.0', java.version: '17.0.5'
Driver info: org.openqa.selenium.chrome.ChromeDriver
Command: [d4b10204da27c73b6c2b669e5e4be43e, findElement {using=xpath, value=//*[@id="section1Heading"]}]
Capabilities {acceptInsecureCerts: false, browserName: chrome, browserVersion: 113.0.5672.93, chrome: {chromedriverVersion: 113.0.5672.63 (0e1a4471d5ae..., userDataDir: C:\Users\disan\AppData\Loca...}, goog:chromeOptions: {debuggerAddress: localhost:59293}, networkConnectionEnabled: false, pageLoadStrategy: normal, platformName: WINDOWS, proxy: Proxy(), se:cdp: ws://localhost:59293/devtoo..., se:cdpVersion: 113.0.5672.93, setWindowRect: true, strictFileInteractability: false, timeouts: {implicit: 0, pageLoad: 300000, script: 30000}, unhandledPromptBehavior: dismiss and notify, webauthn:extension:credBlob: true, webauthn:extension:largeBlob: true, webauthn:extension:minPinLength: true, webauthn:extension:prf: true, webauthn:virtualAuthenticators: true}
Session ID: d4b10204da27c73b6c2b669e5e4be43e
at org.openqa.selenium.remote.codec.w3c.W3CHttpResponseCodec.createException(W3CHttpResponseCodec.java:200)
at org.openqa.selenium.remote.codec.w3c.W3CHttpResponseCodec.decode(W3CHttpResponseCodec.java:133)
at org.openqa.selenium.remote.codec.w3c.W3CHttpResponseCodec.decode(W3CHttpResponseCodec.java:53)
at org.openqa.selenium.remote.HttpCommandExecutor.execute(HttpCommandExecutor.java:184)
at org.openqa.selenium.remote.service.DriverCommandExecutor.invokeExecute(DriverCommandExecutor.java:167)
at org.openqa.selenium.remote.service.DriverCommandExecutor.execute(DriverCommandExecutor.java:142)
at org.openqa.selenium.remote.RemoteWebDriver.execute(RemoteWebDriver.java:543)
at org.openqa.selenium.remote.ElementLocation$ElementFinder$2.findElement(ElementLocation.java:162)
at org.openqa.selenium.remote.ElementLocation.findElement(ElementLocation.java:60)
at org.openqa.selenium.remote.RemoteWebDriver.findElement(RemoteWebDriver.java:352)
at org.openqa.selenium.remote.RemoteWebDriver.findElement(RemoteWebDriver.java:344)
at com.demoqa.pages.WidgetsPage.accordian(WidgetsPage.java:32)
at com.demoqa.testcases.WidgetsTest.validateAccordian(WidgetsTest.java:34)
at java.base/java.util.ArrayList.forEach(ArrayList.java:1511)
... Removed 32 stack frames]]>
    </failure>
  </testcase> <!-- validateAccordian -->
  <testcase classname="com.demoqa.testcases.WidgetsTest" name="validateAccordianHeading" time="1.328">
    <failure type="org.openqa.selenium.ElementClickInterceptedException" message="element click intercepted: Element &amp;lt;div class=&amp;quot;card-header&amp;quot; id=&amp;quot;section3Heading&amp;quot;&amp;gt;...&amp;lt;/div&amp;gt; is not clickable at point (759, 172). Other element would receive the click: &amp;lt;div class=&amp;quot;col-12 mt-4 col-md-6&amp;quot;&amp;gt;...&amp;lt;/div&amp;gt;
  (Session info: chrome=113.0.5672.93)
Build info: version: &amp;apos;4.8.1&amp;apos;, revision: &amp;apos;8ebccac989&amp;apos;
System info: os.name: &amp;apos;Windows 11&amp;apos;, os.arch: &amp;apos;amd64&amp;apos;, os.version: &amp;apos;10.0&amp;apos;, java.version: &amp;apos;17.0.5&amp;apos;
Driver info: org.openqa.selenium.chrome.ChromeDriver
Command: [9152a9461ee6d759b4593f66f9ce2658, clickElement {id=102BACBDACD7990C2C48C831D537E164_element_27}]
Capabilities {acceptInsecureCerts: false, browserName: chrome, browserVersion: 113.0.5672.93, chrome: {chromedriverVersion: 113.0.5672.63 (0e1a4471d5ae..., userDataDir: C:\Users\disan\AppData\Loca...}, goog:chromeOptions: {debuggerAddress: localhost:57514}, networkConnectionEnabled: false, pageLoadStrategy: normal, platformName: WINDOWS, proxy: Proxy(), se:cdp: ws://localhost:57514/devtoo..., se:cdpVersion: 113.0.5672.93, setWindowRect: true, strictFileInteractability: false, timeouts: {implicit: 0, pageLoad: 300000, script: 30000}, unhandledPromptBehavior: dismiss and notify, webauthn:extension:credBlob: true, webauthn:extension:largeBlob: true, webauthn:extension:minPinLength: true, webauthn:extension:prf: true, webauthn:virtualAuthenticators: true}
Element: [[ChromeDriver: chrome on WINDOWS (9152a9461ee6d759b4593f66f9ce2658)] -&amp;gt; xpath: //*[@id=&amp;quot;section3Heading&amp;quot;]]
Session ID: 9152a9461ee6d759b4593f66f9ce2658">
      <![CDATA[org.openqa.selenium.ElementClickInterceptedException: element click intercepted: Element <div class="card-header" id="section3Heading">...</div> is not clickable at point (759, 172). Other element would receive the click: <div class="col-12 mt-4 col-md-6">...</div>
  (Session info: chrome=113.0.5672.93)
Build info: version: '4.8.1', revision: '8ebccac989'
System info: os.name: 'Windows 11', os.arch: 'amd64', os.version: '10.0', java.version: '17.0.5'
Driver info: org.openqa.selenium.chrome.ChromeDriver
Command: [9152a9461ee6d759b4593f66f9ce2658, clickElement {id=102BACBDACD7990C2C48C831D537E164_element_27}]
Capabilities {acceptInsecureCerts: false, browserName: chrome, browserVersion: 113.0.5672.93, chrome: {chromedriverVersion: 113.0.5672.63 (0e1a4471d5ae..., userDataDir: C:\Users\disan\AppData\Loca...}, goog:chromeOptions: {debuggerAddress: localhost:57514}, networkConnectionEnabled: false, pageLoadStrategy: normal, platformName: WINDOWS, proxy: Proxy(), se:cdp: ws://localhost:57514/devtoo..., se:cdpVersion: 113.0.5672.93, setWindowRect: true, strictFileInteractability: false, timeouts: {implicit: 0, pageLoad: 300000, script: 30000}, unhandledPromptBehavior: dismiss and notify, webauthn:extension:credBlob: true, webauthn:extension:largeBlob: true, webauthn:extension:minPinLength: true, webauthn:extension:prf: true, webauthn:virtualAuthenticators: true}
Element: [[ChromeDriver: chrome on WINDOWS (9152a9461ee6d759b4593f66f9ce2658)] -> xpath: //*[@id="section3Heading"]]
Session ID: 9152a9461ee6d759b4593f66f9ce2658
at org.openqa.selenium.remote.codec.w3c.W3CHttpResponseCodec.createException(W3CHttpResponseCodec.java:200)
at org.openqa.selenium.remote.codec.w3c.W3CHttpResponseCodec.decode(W3CHttpResponseCodec.java:133)
at org.openqa.selenium.remote.codec.w3c.W3CHttpResponseCodec.decode(W3CHttpResponseCodec.java:53)
at org.openqa.selenium.remote.HttpCommandExecutor.execute(HttpCommandExecutor.java:184)
at org.openqa.selenium.remote.service.DriverCommandExecutor.invokeExecute(DriverCommandExecutor.java:167)
at org.openqa.selenium.remote.service.DriverCommandExecutor.execute(DriverCommandExecutor.java:142)
at org.openqa.selenium.remote.RemoteWebDriver.execute(RemoteWebDriver.java:543)
at org.openqa.selenium.remote.RemoteWebElement.execute(RemoteWebElement.java:257)
at org.openqa.selenium.remote.RemoteWebElement.click(RemoteWebElement.java:78)
at com.demoqa.pages.WidgetsPage.accordianHeading(WidgetsPage.java:47)
at com.demoqa.testcases.WidgetsTest.validateAccordianHeading(WidgetsTest.java:41)
at java.base/java.util.ArrayList.forEach(ArrayList.java:1511)
... Removed 32 stack frames]]>
    </failure>
  </testcase> <!-- validateAccordianHeading -->
  <testcase classname="com.demoqa.testcases.WidgetsTest" name="validateDragSlider" time="1.263">
    <failure type="org.openqa.selenium.ElementClickInterceptedException" message="element click intercepted: Element &amp;lt;li class=&amp;quot;btn btn-light &amp;quot; id=&amp;quot;item-3&amp;quot;&amp;gt;...&amp;lt;/li&amp;gt; is not clickable at point (200, 581). Other element would receive the click: &amp;lt;div class=&amp;quot;header-wrapper&amp;quot; style=&amp;quot;background: rgb(108, 117, 125);&amp;quot;&amp;gt;...&amp;lt;/div&amp;gt;
  (Session info: chrome=113.0.5672.93)
Build info: version: &amp;apos;4.8.1&amp;apos;, revision: &amp;apos;8ebccac989&amp;apos;
System info: os.name: &amp;apos;Windows 11&amp;apos;, os.arch: &amp;apos;amd64&amp;apos;, os.version: &amp;apos;10.0&amp;apos;, java.version: &amp;apos;17.0.5&amp;apos;
Driver info: org.openqa.selenium.chrome.ChromeDriver
Command: [4adff3caf0483a88022885356d745abe, clickElement {id=C002E4DD179CAA5F3E57B61820612F83_element_26}]
Capabilities {acceptInsecureCerts: false, browserName: chrome, browserVersion: 113.0.5672.93, chrome: {chromedriverVersion: 113.0.5672.63 (0e1a4471d5ae..., userDataDir: C:\Users\disan\AppData\Loca...}, goog:chromeOptions: {debuggerAddress: localhost:55472}, networkConnectionEnabled: false, pageLoadStrategy: normal, platformName: WINDOWS, proxy: Proxy(), se:cdp: ws://localhost:55472/devtoo..., se:cdpVersion: 113.0.5672.93, setWindowRect: true, strictFileInteractability: false, timeouts: {implicit: 0, pageLoad: 300000, script: 30000}, unhandledPromptBehavior: dismiss and notify, webauthn:extension:credBlob: true, webauthn:extension:largeBlob: true, webauthn:extension:minPinLength: true, webauthn:extension:prf: true, webauthn:virtualAuthenticators: true}
Element: [[ChromeDriver: chrome on WINDOWS (4adff3caf0483a88022885356d745abe)] -&amp;gt; xpath: (//*[@id=&amp;quot;item-3&amp;quot;])[3]]
Session ID: 4adff3caf0483a88022885356d745abe">
      <![CDATA[org.openqa.selenium.ElementClickInterceptedException: element click intercepted: Element <li class="btn btn-light " id="item-3">...</li> is not clickable at point (200, 581). Other element would receive the click: <div class="header-wrapper" style="background: rgb(108, 117, 125);">...</div>
  (Session info: chrome=113.0.5672.93)
Build info: version: '4.8.1', revision: '8ebccac989'
System info: os.name: 'Windows 11', os.arch: 'amd64', os.version: '10.0', java.version: '17.0.5'
Driver info: org.openqa.selenium.chrome.ChromeDriver
Command: [4adff3caf0483a88022885356d745abe, clickElement {id=C002E4DD179CAA5F3E57B61820612F83_element_26}]
Capabilities {acceptInsecureCerts: false, browserName: chrome, browserVersion: 113.0.5672.93, chrome: {chromedriverVersion: 113.0.5672.63 (0e1a4471d5ae..., userDataDir: C:\Users\disan\AppData\Loca...}, goog:chromeOptions: {debuggerAddress: localhost:55472}, networkConnectionEnabled: false, pageLoadStrategy: normal, platformName: WINDOWS, proxy: Proxy(), se:cdp: ws://localhost:55472/devtoo..., se:cdpVersion: 113.0.5672.93, setWindowRect: true, strictFileInteractability: false, timeouts: {implicit: 0, pageLoad: 300000, script: 30000}, unhandledPromptBehavior: dismiss and notify, webauthn:extension:credBlob: true, webauthn:extension:largeBlob: true, webauthn:extension:minPinLength: true, webauthn:extension:prf: true, webauthn:virtualAuthenticators: true}
Element: [[ChromeDriver: chrome on WINDOWS (4adff3caf0483a88022885356d745abe)] -> xpath: (//*[@id="item-3"])[3]]
Session ID: 4adff3caf0483a88022885356d745abe
at org.openqa.selenium.remote.codec.w3c.W3CHttpResponseCodec.createException(W3CHttpResponseCodec.java:200)
at org.openqa.selenium.remote.codec.w3c.W3CHttpResponseCodec.decode(W3CHttpResponseCodec.java:133)
at org.openqa.selenium.remote.codec.w3c.W3CHttpResponseCodec.decode(W3CHttpResponseCodec.java:53)
at org.openqa.selenium.remote.HttpCommandExecutor.execute(HttpCommandExecutor.java:184)
at org.openqa.selenium.remote.service.DriverCommandExecutor.invokeExecute(DriverCommandExecutor.java:167)
at org.openqa.selenium.remote.service.DriverCommandExecutor.execute(DriverCommandExecutor.java:142)
at org.openqa.selenium.remote.RemoteWebDriver.execute(RemoteWebDriver.java:543)
at org.openqa.selenium.remote.RemoteWebElement.execute(RemoteWebElement.java:257)
at org.openqa.selenium.remote.RemoteWebElement.click(RemoteWebElement.java:78)
at com.demoqa.pages.WidgetsPage.dragSlider(WidgetsPage.java:76)
at com.demoqa.testcases.WidgetsTest.validateDragSlider(WidgetsTest.java:55)
at java.base/java.util.ArrayList.forEach(ArrayList.java:1511)
... Removed 32 stack frames]]>
    </failure>
  </testcase> <!-- validateDragSlider -->
  <testcase classname="com.demoqa.testcases.WidgetsTest" name="validateOriginTabs" time="1.228">
    <failure type="org.openqa.selenium.ElementClickInterceptedException" message="element click intercepted: Element &amp;lt;li class=&amp;quot;btn btn-light &amp;quot; id=&amp;quot;item-5&amp;quot;&amp;gt;...&amp;lt;/li&amp;gt; is not clickable at point (200, 590). Other element would receive the click: &amp;lt;div id=&amp;quot;fixedban&amp;quot; style=&amp;quot;width:100%;margin:auto;text-align:center;float:none;overflow:hidden;display:scroll;position:fixed;bottom:0;z-index:9999999&amp;quot;&amp;gt;...&amp;lt;/div&amp;gt;
  (Session info: chrome=113.0.5672.93)
Build info: version: &amp;apos;4.8.1&amp;apos;, revision: &amp;apos;8ebccac989&amp;apos;
System info: os.name: &amp;apos;Windows 11&amp;apos;, os.arch: &amp;apos;amd64&amp;apos;, os.version: &amp;apos;10.0&amp;apos;, java.version: &amp;apos;17.0.5&amp;apos;
Driver info: org.openqa.selenium.chrome.ChromeDriver
Command: [b12bf0819d9857fbde063e9104f563be, clickElement {id=64CFF15167A3331FFDAB6270D94A2EB7_element_24}]
Capabilities {acceptInsecureCerts: false, browserName: chrome, browserVersion: 113.0.5672.93, chrome: {chromedriverVersion: 113.0.5672.63 (0e1a4471d5ae..., userDataDir: C:\Users\disan\AppData\Loca...}, goog:chromeOptions: {debuggerAddress: localhost:51440}, networkConnectionEnabled: false, pageLoadStrategy: normal, platformName: WINDOWS, proxy: Proxy(), se:cdp: ws://localhost:51440/devtoo..., se:cdpVersion: 113.0.5672.93, setWindowRect: true, strictFileInteractability: false, timeouts: {implicit: 0, pageLoad: 300000, script: 30000}, unhandledPromptBehavior: dismiss and notify, webauthn:extension:credBlob: true, webauthn:extension:largeBlob: true, webauthn:extension:minPinLength: true, webauthn:extension:prf: true, webauthn:virtualAuthenticators: true}
Element: [[ChromeDriver: chrome on WINDOWS (b12bf0819d9857fbde063e9104f563be)] -&amp;gt; xpath: (//*[@id=&amp;quot;item-5&amp;quot;])[2]]
Session ID: b12bf0819d9857fbde063e9104f563be">
      <![CDATA[org.openqa.selenium.ElementClickInterceptedException: element click intercepted: Element <li class="btn btn-light " id="item-5">...</li> is not clickable at point (200, 590). Other element would receive the click: <div id="fixedban" style="width:100%;margin:auto;text-align:center;float:none;overflow:hidden;display:scroll;position:fixed;bottom:0;z-index:9999999">...</div>
  (Session info: chrome=113.0.5672.93)
Build info: version: '4.8.1', revision: '8ebccac989'
System info: os.name: 'Windows 11', os.arch: 'amd64', os.version: '10.0', java.version: '17.0.5'
Driver info: org.openqa.selenium.chrome.ChromeDriver
Command: [b12bf0819d9857fbde063e9104f563be, clickElement {id=64CFF15167A3331FFDAB6270D94A2EB7_element_24}]
Capabilities {acceptInsecureCerts: false, browserName: chrome, browserVersion: 113.0.5672.93, chrome: {chromedriverVersion: 113.0.5672.63 (0e1a4471d5ae..., userDataDir: C:\Users\disan\AppData\Loca...}, goog:chromeOptions: {debuggerAddress: localhost:51440}, networkConnectionEnabled: false, pageLoadStrategy: normal, platformName: WINDOWS, proxy: Proxy(), se:cdp: ws://localhost:51440/devtoo..., se:cdpVersion: 113.0.5672.93, setWindowRect: true, strictFileInteractability: false, timeouts: {implicit: 0, pageLoad: 300000, script: 30000}, unhandledPromptBehavior: dismiss and notify, webauthn:extension:credBlob: true, webauthn:extension:largeBlob: true, webauthn:extension:minPinLength: true, webauthn:extension:prf: true, webauthn:virtualAuthenticators: true}
Element: [[ChromeDriver: chrome on WINDOWS (b12bf0819d9857fbde063e9104f563be)] -> xpath: (//*[@id="item-5"])[2]]
Session ID: b12bf0819d9857fbde063e9104f563be
at org.openqa.selenium.remote.codec.w3c.W3CHttpResponseCodec.createException(W3CHttpResponseCodec.java:200)
at org.openqa.selenium.remote.codec.w3c.W3CHttpResponseCodec.decode(W3CHttpResponseCodec.java:133)
at org.openqa.selenium.remote.codec.w3c.W3CHttpResponseCodec.decode(W3CHttpResponseCodec.java:53)
at org.openqa.selenium.remote.HttpCommandExecutor.execute(HttpCommandExecutor.java:184)
at org.openqa.selenium.remote.service.DriverCommandExecutor.invokeExecute(DriverCommandExecutor.java:167)
at org.openqa.selenium.remote.service.DriverCommandExecutor.execute(DriverCommandExecutor.java:142)
at org.openqa.selenium.remote.RemoteWebDriver.execute(RemoteWebDriver.java:543)
at org.openqa.selenium.remote.RemoteWebElement.execute(RemoteWebElement.java:257)
at org.openqa.selenium.remote.RemoteWebElement.click(RemoteWebElement.java:78)
at com.demoqa.pages.WidgetsPage.originTab(WidgetsPage.java:107)
at com.demoqa.testcases.WidgetsTest.validateOriginTabs(WidgetsTest.java:69)
at java.base/java.util.ArrayList.forEach(ArrayList.java:1511)
... Removed 32 stack frames]]>
    </failure>
  </testcase> <!-- validateOriginTabs -->
  <testcase classname="com.demoqa.testcases.WidgetsTest" name="validateSlider" time="1.211">
    <failure type="org.openqa.selenium.ElementClickInterceptedException" message="element click intercepted: Element &amp;lt;li class=&amp;quot;btn btn-light &amp;quot; id=&amp;quot;item-3&amp;quot;&amp;gt;...&amp;lt;/li&amp;gt; is not clickable at point (200, 668). Other element would receive the click: &amp;lt;div id=&amp;quot;fixedban&amp;quot; style=&amp;quot;width:100%;margin:auto;text-align:center;float:none;overflow:hidden;display:scroll;position:fixed;bottom:0;z-index:9999999&amp;quot;&amp;gt;...&amp;lt;/div&amp;gt;
  (Session info: chrome=113.0.5672.93)
Build info: version: &amp;apos;4.8.1&amp;apos;, revision: &amp;apos;8ebccac989&amp;apos;
System info: os.name: &amp;apos;Windows 11&amp;apos;, os.arch: &amp;apos;amd64&amp;apos;, os.version: &amp;apos;10.0&amp;apos;, java.version: &amp;apos;17.0.5&amp;apos;
Driver info: org.openqa.selenium.chrome.ChromeDriver
Command: [5be15b8fabb46c4b22369d22be26da0b, clickElement {id=600472EE2BED5CF0B69B9CC2BCB603BA_element_23}]
Capabilities {acceptInsecureCerts: false, browserName: chrome, browserVersion: 113.0.5672.93, chrome: {chromedriverVersion: 113.0.5672.63 (0e1a4471d5ae..., userDataDir: C:\Users\disan\AppData\Loca...}, goog:chromeOptions: {debuggerAddress: localhost:55359}, networkConnectionEnabled: false, pageLoadStrategy: normal, platformName: WINDOWS, proxy: Proxy(), se:cdp: ws://localhost:55359/devtoo..., se:cdpVersion: 113.0.5672.93, setWindowRect: true, strictFileInteractability: false, timeouts: {implicit: 0, pageLoad: 300000, script: 30000}, unhandledPromptBehavior: dismiss and notify, webauthn:extension:credBlob: true, webauthn:extension:largeBlob: true, webauthn:extension:minPinLength: true, webauthn:extension:prf: true, webauthn:virtualAuthenticators: true}
Element: [[ChromeDriver: chrome on WINDOWS (5be15b8fabb46c4b22369d22be26da0b)] -&amp;gt; xpath: (//*[@id=&amp;quot;item-3&amp;quot;])[3]]
Session ID: 5be15b8fabb46c4b22369d22be26da0b">
      <![CDATA[org.openqa.selenium.ElementClickInterceptedException: element click intercepted: Element <li class="btn btn-light " id="item-3">...</li> is not clickable at point (200, 668). Other element would receive the click: <div id="fixedban" style="width:100%;margin:auto;text-align:center;float:none;overflow:hidden;display:scroll;position:fixed;bottom:0;z-index:9999999">...</div>
  (Session info: chrome=113.0.5672.93)
Build info: version: '4.8.1', revision: '8ebccac989'
System info: os.name: 'Windows 11', os.arch: 'amd64', os.version: '10.0', java.version: '17.0.5'
Driver info: org.openqa.selenium.chrome.ChromeDriver
Command: [5be15b8fabb46c4b22369d22be26da0b, clickElement {id=600472EE2BED5CF0B69B9CC2BCB603BA_element_23}]
Capabilities {acceptInsecureCerts: false, browserName: chrome, browserVersion: 113.0.5672.93, chrome: {chromedriverVersion: 113.0.5672.63 (0e1a4471d5ae..., userDataDir: C:\Users\disan\AppData\Loca...}, goog:chromeOptions: {debuggerAddress: localhost:55359}, networkConnectionEnabled: false, pageLoadStrategy: normal, platformName: WINDOWS, proxy: Proxy(), se:cdp: ws://localhost:55359/devtoo..., se:cdpVersion: 113.0.5672.93, setWindowRect: true, strictFileInteractability: false, timeouts: {implicit: 0, pageLoad: 300000, script: 30000}, unhandledPromptBehavior: dismiss and notify, webauthn:extension:credBlob: true, webauthn:extension:largeBlob: true, webauthn:extension:minPinLength: true, webauthn:extension:prf: true, webauthn:virtualAuthenticators: true}
Element: [[ChromeDriver: chrome on WINDOWS (5be15b8fabb46c4b22369d22be26da0b)] -> xpath: (//*[@id="item-3"])[3]]
Session ID: 5be15b8fabb46c4b22369d22be26da0b
at org.openqa.selenium.remote.codec.w3c.W3CHttpResponseCodec.createException(W3CHttpResponseCodec.java:200)
at org.openqa.selenium.remote.codec.w3c.W3CHttpResponseCodec.decode(W3CHttpResponseCodec.java:133)
at org.openqa.selenium.remote.codec.w3c.W3CHttpResponseCodec.decode(W3CHttpResponseCodec.java:53)
at org.openqa.selenium.remote.HttpCommandExecutor.execute(HttpCommandExecutor.java:184)
at org.openqa.selenium.remote.service.DriverCommandExecutor.invokeExecute(DriverCommandExecutor.java:167)
at org.openqa.selenium.remote.service.DriverCommandExecutor.execute(DriverCommandExecutor.java:142)
at org.openqa.selenium.remote.RemoteWebDriver.execute(RemoteWebDriver.java:543)
at org.openqa.selenium.remote.RemoteWebElement.execute(RemoteWebElement.java:257)
at org.openqa.selenium.remote.RemoteWebElement.click(RemoteWebElement.java:78)
at com.demoqa.pages.WidgetsPage.slider(WidgetsPage.java:61)
at com.demoqa.testcases.WidgetsTest.validateSlider(WidgetsTest.java:48)
at java.base/java.util.ArrayList.forEach(ArrayList.java:1511)
... Removed 32 stack frames]]>
    </failure>
  </testcase> <!-- validateSlider -->
  <testcase classname="com.demoqa.testcases.WidgetsTest" name="validateTabs" time="1.194">
    <failure type="org.openqa.selenium.ElementClickInterceptedException" message="element click intercepted: Element &amp;lt;li class=&amp;quot;btn btn-light &amp;quot; id=&amp;quot;item-5&amp;quot;&amp;gt;...&amp;lt;/li&amp;gt; is not clickable at point (200, 668). Other element would receive the click: &amp;lt;div id=&amp;quot;fixedban&amp;quot; style=&amp;quot;width:100%;margin:auto;text-align:center;float:none;overflow:hidden;display:scroll;position:fixed;bottom:0;z-index:9999999&amp;quot;&amp;gt;...&amp;lt;/div&amp;gt;
  (Session info: chrome=113.0.5672.93)
Build info: version: &amp;apos;4.8.1&amp;apos;, revision: &amp;apos;8ebccac989&amp;apos;
System info: os.name: &amp;apos;Windows 11&amp;apos;, os.arch: &amp;apos;amd64&amp;apos;, os.version: &amp;apos;10.0&amp;apos;, java.version: &amp;apos;17.0.5&amp;apos;
Driver info: org.openqa.selenium.chrome.ChromeDriver
Command: [4a52de509a28428288454d1c7400ab27, clickElement {id=9A2C59BDCE01C02D12512969BF74BBD2_element_24}]
Capabilities {acceptInsecureCerts: false, browserName: chrome, browserVersion: 113.0.5672.93, chrome: {chromedriverVersion: 113.0.5672.63 (0e1a4471d5ae..., userDataDir: C:\Users\disan\AppData\Loca...}, goog:chromeOptions: {debuggerAddress: localhost:55555}, networkConnectionEnabled: false, pageLoadStrategy: normal, platformName: WINDOWS, proxy: Proxy(), se:cdp: ws://localhost:55555/devtoo..., se:cdpVersion: 113.0.5672.93, setWindowRect: true, strictFileInteractability: false, timeouts: {implicit: 0, pageLoad: 300000, script: 30000}, unhandledPromptBehavior: dismiss and notify, webauthn:extension:credBlob: true, webauthn:extension:largeBlob: true, webauthn:extension:minPinLength: true, webauthn:extension:prf: true, webauthn:virtualAuthenticators: true}
Element: [[ChromeDriver: chrome on WINDOWS (4a52de509a28428288454d1c7400ab27)] -&amp;gt; xpath: (//*[@id=&amp;quot;item-5&amp;quot;])[2]]
Session ID: 4a52de509a28428288454d1c7400ab27">
      <![CDATA[org.openqa.selenium.ElementClickInterceptedException: element click intercepted: Element <li class="btn btn-light " id="item-5">...</li> is not clickable at point (200, 668). Other element would receive the click: <div id="fixedban" style="width:100%;margin:auto;text-align:center;float:none;overflow:hidden;display:scroll;position:fixed;bottom:0;z-index:9999999">...</div>
  (Session info: chrome=113.0.5672.93)
Build info: version: '4.8.1', revision: '8ebccac989'
System info: os.name: 'Windows 11', os.arch: 'amd64', os.version: '10.0', java.version: '17.0.5'
Driver info: org.openqa.selenium.chrome.ChromeDriver
Command: [4a52de509a28428288454d1c7400ab27, clickElement {id=9A2C59BDCE01C02D12512969BF74BBD2_element_24}]
Capabilities {acceptInsecureCerts: false, browserName: chrome, browserVersion: 113.0.5672.93, chrome: {chromedriverVersion: 113.0.5672.63 (0e1a4471d5ae..., userDataDir: C:\Users\disan\AppData\Loca...}, goog:chromeOptions: {debuggerAddress: localhost:55555}, networkConnectionEnabled: false, pageLoadStrategy: normal, platformName: WINDOWS, proxy: Proxy(), se:cdp: ws://localhost:55555/devtoo..., se:cdpVersion: 113.0.5672.93, setWindowRect: true, strictFileInteractability: false, timeouts: {implicit: 0, pageLoad: 300000, script: 30000}, unhandledPromptBehavior: dismiss and notify, webauthn:extension:credBlob: true, webauthn:extension:largeBlob: true, webauthn:extension:minPinLength: true, webauthn:extension:prf: true, webauthn:virtualAuthenticators: true}
Element: [[ChromeDriver: chrome on WINDOWS (4a52de509a28428288454d1c7400ab27)] -> xpath: (//*[@id="item-5"])[2]]
Session ID: 4a52de509a28428288454d1c7400ab27
at org.openqa.selenium.remote.codec.w3c.W3CHttpResponseCodec.createException(W3CHttpResponseCodec.java:200)
at org.openqa.selenium.remote.codec.w3c.W3CHttpResponseCodec.decode(W3CHttpResponseCodec.java:133)
at org.openqa.selenium.remote.codec.w3c.W3CHttpResponseCodec.decode(W3CHttpResponseCodec.java:53)
at org.openqa.selenium.remote.HttpCommandExecutor.execute(HttpCommandExecutor.java:184)
at org.openqa.selenium.remote.service.DriverCommandExecutor.invokeExecute(DriverCommandExecutor.java:167)
at org.openqa.selenium.remote.service.DriverCommandExecutor.execute(DriverCommandExecutor.java:142)
at org.openqa.selenium.remote.RemoteWebDriver.execute(RemoteWebDriver.java:543)
at org.openqa.selenium.remote.RemoteWebElement.execute(RemoteWebElement.java:257)
at org.openqa.selenium.remote.RemoteWebElement.click(RemoteWebElement.java:78)
at com.demoqa.pages.WidgetsPage.tabs(WidgetsPage.java:93)
at com.demoqa.testcases.WidgetsTest.validateTabs(WidgetsTest.java:62)
at java.base/java.util.ArrayList.forEach(ArrayList.java:1511)
... Removed 32 stack frames]]>
    </failure>
  </testcase> <!-- validateTabs -->
  <testcase classname="com.demoqa.testcases.WidgetsTest" name="validateWidgets" time="0.113"/>
  <testcase classname="com.demoqa.testcases.FormsTest" name="validateForm" time="0.119"/>
  <testcase classname="com.demoqa.testcases.FormsTest" name="validateFormFilling" time="1.025"/>
  <testcase classname="com.demoqa.testcases.FormsTest" name="validatePracticeForm" time="0.208"/>
  <testcase classname="com.demoqa.testcases.ElementsTest" name="validateBrokenLink" time="4.721"/>
  <testcase classname="com.demoqa.testcases.ElementsTest" name="validateButton" time="0.35"/>
  <testcase classname="com.demoqa.testcases.ElementsTest" name="validateCheckBox" time="0.249"/>
  <testcase classname="com.demoqa.testcases.ElementsTest" name="validateDownload" time="0.304"/>
  <testcase classname="com.demoqa.testcases.ElementsTest" name="validateElements" time="0.112"/>
  <testcase classname="com.demoqa.testcases.ElementsTest" name="validateLink" time="10.253">
    <failure type="org.openqa.selenium.NoSuchElementException" message="no such element: Unable to locate element: {&amp;quot;method&amp;quot;:&amp;quot;xpath&amp;quot;,&amp;quot;selector&amp;quot;:&amp;quot;//a[@id=&amp;apos;simpleLink&amp;apos;]&amp;quot;}
  (Session info: chrome=113.0.5672.93)
For documentation on this error, please visit: https://selenium.dev/exceptions/#no_such_element
Build info: version: &amp;apos;4.8.1&amp;apos;, revision: &amp;apos;8ebccac989&amp;apos;
System info: os.name: &amp;apos;Windows 11&amp;apos;, os.arch: &amp;apos;amd64&amp;apos;, os.version: &amp;apos;10.0&amp;apos;, java.version: &amp;apos;17.0.5&amp;apos;
Driver info: org.openqa.selenium.chrome.ChromeDriver
Command: [c5981f14fac25b7c3a8f7336a29782da, findElement {using=xpath, value=//a[@id=&amp;apos;simpleLink&amp;apos;]}]
Capabilities {acceptInsecureCerts: false, browserName: chrome, browserVersion: 113.0.5672.93, chrome: {chromedriverVersion: 113.0.5672.63 (0e1a4471d5ae..., userDataDir: C:\Users\disan\AppData\Loca...}, goog:chromeOptions: {debuggerAddress: localhost:58268}, networkConnectionEnabled: false, pageLoadStrategy: normal, platformName: WINDOWS, proxy: Proxy(), se:cdp: ws://localhost:58268/devtoo..., se:cdpVersion: 113.0.5672.93, setWindowRect: true, strictFileInteractability: false, timeouts: {implicit: 0, pageLoad: 300000, script: 30000}, unhandledPromptBehavior: dismiss and notify, webauthn:extension:credBlob: true, webauthn:extension:largeBlob: true, webauthn:extension:minPinLength: true, webauthn:extension:prf: true, webauthn:virtualAuthenticators: true}
Session ID: c5981f14fac25b7c3a8f7336a29782da">
      <![CDATA[org.openqa.selenium.NoSuchElementException: no such element: Unable to locate element: {"method":"xpath","selector":"//a[@id='simpleLink']"}
  (Session info: chrome=113.0.5672.93)
For documentation on this error, please visit: https://selenium.dev/exceptions/#no_such_element
Build info: version: '4.8.1', revision: '8ebccac989'
System info: os.name: 'Windows 11', os.arch: 'amd64', os.version: '10.0', java.version: '17.0.5'
Driver info: org.openqa.selenium.chrome.ChromeDriver
Command: [c5981f14fac25b7c3a8f7336a29782da, findElement {using=xpath, value=//a[@id='simpleLink']}]
Capabilities {acceptInsecureCerts: false, browserName: chrome, browserVersion: 113.0.5672.93, chrome: {chromedriverVersion: 113.0.5672.63 (0e1a4471d5ae..., userDataDir: C:\Users\disan\AppData\Loca...}, goog:chromeOptions: {debuggerAddress: localhost:58268}, networkConnectionEnabled: false, pageLoadStrategy: normal, platformName: WINDOWS, proxy: Proxy(), se:cdp: ws://localhost:58268/devtoo..., se:cdpVersion: 113.0.5672.93, setWindowRect: true, strictFileInteractability: false, timeouts: {implicit: 0, pageLoad: 300000, script: 30000}, unhandledPromptBehavior: dismiss and notify, webauthn:extension:credBlob: true, webauthn:extension:largeBlob: true, webauthn:extension:minPinLength: true, webauthn:extension:prf: true, webauthn:virtualAuthenticators: true}
Session ID: c5981f14fac25b7c3a8f7336a29782da
at org.openqa.selenium.remote.codec.w3c.W3CHttpResponseCodec.createException(W3CHttpResponseCodec.java:200)
at org.openqa.selenium.remote.codec.w3c.W3CHttpResponseCodec.decode(W3CHttpResponseCodec.java:133)
at org.openqa.selenium.remote.codec.w3c.W3CHttpResponseCodec.decode(W3CHttpResponseCodec.java:53)
at org.openqa.selenium.remote.HttpCommandExecutor.execute(HttpCommandExecutor.java:184)
at org.openqa.selenium.remote.service.DriverCommandExecutor.invokeExecute(DriverCommandExecutor.java:167)
at org.openqa.selenium.remote.service.DriverCommandExecutor.execute(DriverCommandExecutor.java:142)
at org.openqa.selenium.remote.RemoteWebDriver.execute(RemoteWebDriver.java:543)
at org.openqa.selenium.remote.ElementLocation$ElementFinder$2.findElement(ElementLocation.java:162)
at org.openqa.selenium.remote.ElementLocation.findElement(ElementLocation.java:60)
at org.openqa.selenium.remote.RemoteWebDriver.findElement(RemoteWebDriver.java:352)
at org.openqa.selenium.remote.RemoteWebDriver.findElement(RemoteWebDriver.java:344)
at com.demoqa.pages.ElementsPage.link(ElementsPage.java:172)
at com.demoqa.testcases.ElementsTest.validateLink(ElementsTest.java:75)
at java.base/java.util.ArrayList.forEach(ArrayList.java:1511)
... Removed 32 stack frames]]>
    </failure>
  </testcase> <!-- validateLink -->
  <testcase classname="com.demoqa.testcases.ElementsTest" name="validateRadioButton" time="1.287">
    <failure type="org.openqa.selenium.ElementClickInterceptedException" message="element click intercepted: Element &amp;lt;input type=&amp;quot;radio&amp;quot; id=&amp;quot;impressiveRadio&amp;quot; name=&amp;quot;like&amp;quot; class=&amp;quot;custom-control-input&amp;quot;&amp;gt; is not clickable at point (472, 286). Other element would receive the click: &amp;lt;iframe frameborder=&amp;quot;0&amp;quot; src=&amp;quot;https://0857022357d6a3dc2273df4781800bb8.safeframe.googlesyndication.com/safeframe/1-0-40/html/container.html&amp;quot; id=&amp;quot;google_ads_iframe_/21849154601,22343295815/Ad.Plus-728x90_0&amp;quot; title=&amp;quot;3rd party ad content&amp;quot; name=&amp;quot;1-0-40;27199;&amp;lt;!doctype html&amp;gt;&amp;lt;html&amp;gt;&amp;lt;head&amp;gt;&amp;lt;script&amp;gt;var jscVersion = &amp;apos;r20230510&amp;apos;;&amp;lt;/script&amp;gt;&amp;lt;script&amp;gt;var google_casm=[];&amp;lt;/script&amp;gt;&amp;lt;/head&amp;gt;&amp;lt;body leftMargin=&amp;amp;quot;0&amp;amp;quot; topMargin=&amp;amp;quot;0&amp;amp;quot; marginwidth=&amp;amp;quot;0&amp;amp;quot; marginheight=&amp;amp;quot;0&amp;amp;quot;&amp;gt;&amp;lt;script&amp;gt;window.dicnf = {};&amp;lt;/script&amp;gt;&amp;lt;script data-jc=&amp;amp;quot;42&amp;amp;quot; data-jc-version=&amp;amp;quot;r20230510&amp;amp;quot; data-jc-flags=&amp;amp;quot;[&amp;amp;amp;quot;x%278446&amp;amp;amp;#39;9efotm(&amp;amp;amp;amp;20067;&amp;amp;amp;gt;8&amp;amp;amp;amp;&amp;amp;amp;gt;`dopb/%&amp;amp;amp;lt;1732261!=|vqc)!7201061?&amp;amp;amp;#39;9efotmy&amp;amp;amp;quot;]&amp;amp;quot;&amp;gt;(function(){/*  Copyright The Closure Library Authors. SPDX-License-Identifier: Apache-2.0 */ &amp;apos;use strict&amp;apos;;var u=this||self;var v,w;a:{for(var aa=[&amp;amp;quot;CLOSURE_FLAGS&amp;amp;quot;],x=u,y=0;y&amp;lt;aa.length;y++)if(x=x[aa[y]],null==x){w=null;break a}w=x}var ba=w&amp;amp;amp;&amp;amp;amp;w[610401301];v=null!=ba?ba:!1;var D;const ca=u.navigator;D=ca?ca.userAgentData||null:null;function E(a){return v?D?D.brands.some(({brand:b})=&amp;gt;b&amp;amp;amp;&amp;amp;amp;-1!=b.indexOf(a)):!1:!1}function F(a){var b;a:{if(b=u.navigator)if(b=b.userAgent)break a;b=&amp;amp;quot;&amp;amp;quot;}return-1!=b.indexOf(a)};function G(){return v?!!D&amp;amp;amp;&amp;amp;amp;0&amp;lt;D.brands.length:!1}function H(){return G()?E(&amp;amp;quot;Chromium&amp;amp;quot;):(F(&amp;amp;quot;Chrome&amp;amp;quot;)||F(&amp;amp;quot;CriOS&amp;amp;quot;))&amp;amp;amp;&amp;amp;amp;!(G()?0:F(&amp;amp;quot;Edge&amp;amp;quot;))||F(&amp;amp;quot;Silk&amp;amp;quot;)};function I(a){I[&amp;amp;quot; &amp;amp;quot;](a);return a}I[&amp;amp;quot; &amp;amp;quot;]=function(){};!F(&amp;amp;quot;Android&amp;amp;quot;)||H();H();F(&amp;amp;quot;Safari&amp;amp;quot;)&amp;amp;amp;&amp;amp;amp;(H()||(G()?0:F(&amp;amp;quot;Coast&amp;amp;quot;))||(G()?0:F(&amp;amp;quot;Opera&amp;amp;quot;))||(G()?0:F(&amp;amp;quot;Edge&amp;amp;quot;))||(G()?E(&amp;amp;quot;Microsoft Edge&amp;amp;quot;):F(&amp;amp;quot;Edg/&amp;amp;quot;))||G()&amp;amp;amp;&amp;amp;amp;E(&amp;amp;quot;Opera&amp;amp;quot;));var da={},K=null;const L=Symbol();function M(a){let b;L?b=a[L]:b=a.g;return null==b?0:b}function N(a,b){L?a[L]=b:void 0!==a.g?a.g=b:Object.defineProperties(a,{g:{value:b,configurable:!0,writable:!0,enumerable:!1}});return a};var ea={};function fa(a){return null!==a&amp;amp;amp;&amp;amp;amp;&amp;amp;quot;object&amp;amp;quot;===typeof a&amp;amp;amp;&amp;amp;amp;!Array.isArray(a)&amp;amp;amp;&amp;amp;amp;a.constructor===Object}let O;var ha=Object.freeze(N([],23));function ia(a){const b=a.g+-1;return a.h||(a.h=a.j[b]={})}function P(a,b,c){if(M(a.j)&amp;amp;amp;2)throw Error();return ja(a,b,c)}function ja(a,b,c){a.i&amp;amp;amp;&amp;amp;amp;(a.i=void 0);if(b&amp;gt;=a.g)return ia(a)[b]=c,a;a.j[b+-1]=c;(c=a.h)&amp;amp;amp;&amp;amp;amp;b in c&amp;amp;amp;&amp;amp;amp;delete c[b];return a};let ma;function na(a,b){return oa(b)}function oa(a){switch(typeof a){case &amp;amp;quot;number&amp;amp;quot;:return isFinite(a)?a:String(a);case &amp;amp;quot;boolean&amp;amp;quot;:return a?1:0;case &amp;amp;quot;object&amp;amp;quot;:if(a&amp;amp;amp;&amp;amp;amp;!Array.isArray(a)&amp;amp;amp;&amp;amp;amp;null!=a&amp;amp;amp;&amp;amp;amp;a instanceof Uint8Array){let b=&amp;amp;quot;&amp;amp;quot;,c=0;const d=a.length-10240;for(;c&amp;lt;d;)b+=String.fromCharCode.apply(null,a.subarray(c,c+=10240));b+=String.fromCharCode.apply(null,c?a.subarray(c):a);return btoa(b)}}return a};function pa(a,b,c,d,e,f){if(null!=a){if(Array.isArray(a))a=e&amp;amp;amp;&amp;amp;amp;0==a.length&amp;amp;amp;&amp;amp;amp;M(a)&amp;amp;amp;1?void 0:f&amp;amp;amp;&amp;amp;amp;M(a)&amp;amp;amp;2?a:qa(a,b,c,void 0!==d,e,f);else if(fa(a)){const g={};for(let l in a)g[l]=pa(a[l],b,c,d,e,f);a=g}else a=b(a,d);return a}}function qa(a,b,c,d,e,f){const g=d||c?M(a):0;d=d?!!(g&amp;amp;amp;16):void 0;a=Array.prototype.slice.call(a);for(let l=0;l&amp;lt;a.length;l++)a[l]=pa(a[l],b,c,d,e,f);c&amp;amp;amp;&amp;amp;amp;c(g,a);return a}function ra(a){return a.v===ea?a.toJSON():oa(a)};var Q=class{constructor(a,b,c){null==a&amp;amp;amp;&amp;amp;amp;(a=ma);ma=void 0;if(null==a){a=[];var d=!0;N(a,48)}else{if(!Array.isArray(a))throw Error();d=a;L?d=d[L]|=0:void 0!==d.g?d=d.g|=0:(Object.defineProperties(d,{g:{value:0,configurable:!0,writable:!0,enumerable:!1}}),d=0);var e=d|32;d=0!==(16&amp;amp;amp;e);N(a,e)}this.j=a;a:{var f=this.j.length;e=f-1;if(f&amp;amp;amp;&amp;amp;amp;(f=this.j[e],fa(f))){this.h=f;this.g=e- -1;break a}b?(this.g=Math.max(b,e+1- -1),this.h=void 0):this.g=Number.MAX_VALUE}if(c){b=d&amp;amp;amp;&amp;amp;amp;!0;d=this.g;let l;for(e=0;e&amp;lt;c.length;e++)if(f= c[e],f&amp;lt;d){f+=-1;var g=a[f];g?sa(g,b):a[f]=ha}else l||(l=ia(this)),(g=l[f])?sa(g,b):l[f]=ha}}toJSON(){const a=this.j;var b;O?b=a:b=qa(a,ra,void 0,void 0,!1,!1);return b}};function sa(a,b){if(Array.isArray(a)){var c=M(a),d=1;!b||c&amp;amp;amp;2||(d|=16);(c&amp;amp;amp;d)!==d&amp;amp;amp;&amp;amp;amp;N(a,c|d)}}Q.prototype.v=ea;Q.prototype.toString=function(){return this.j.toString()};var ta=class{constructor(a,b=!1){this.key=a;this.defaultValue=b;this.valueType=&amp;amp;quot;boolean&amp;amp;quot;}};var ua=new ta(&amp;amp;quot;45368259&amp;amp;quot;),va=new ta(&amp;amp;quot;45357156&amp;amp;quot;,!0),wa=new ta(&amp;amp;quot;45350890&amp;amp;quot;);var R=(a,b)=&amp;gt;&amp;amp;quot;&amp;amp;amp;adurl=&amp;amp;quot;==a.substring(a.length-7)?a.substring(0,a.length-7)+b+&amp;amp;quot;&amp;amp;amp;adurl=&amp;amp;quot;:a+b;function xa(a,b,c){a.addEventListener&amp;amp;amp;&amp;amp;amp;a.addEventListener(b,c,!1)};var ya=RegExp(&amp;amp;quot;^(?:([^:/?#.]+):)?(?://(?:([^\\\\/?#]*)@)?([^\\\\/?#]*?)(?::([0-9]+))?(?=[\\\\/?#]|$))?([^?#]+)?(?:\\?([^#]*))?(?:#([\\s\\S]*))?$&amp;amp;quot;);function za(a,b,c,d){for(var e=c.length;0&amp;lt;=(b=a.indexOf(c,b))&amp;amp;amp;&amp;amp;amp;b&amp;lt;d;){var f=a.charCodeAt(b-1);if(38==f||63==f)if(f=a.charCodeAt(b+e),!f||61==f||38==f||35==f)return b;b+=e+1}return-1}var Aa=/#|$/; function Ba(a){var b=a.search(Aa),c=za(a,0,&amp;amp;quot;ase&amp;amp;quot;,b);if(0&amp;gt;c)return null;var d=a.indexOf(&amp;amp;quot;&amp;amp;amp;&amp;amp;quot;,c);if(0&amp;gt;d||d&amp;gt;b)d=b;return decodeURIComponent(a.slice(c+4,-1!==d?d:0).replace(/\+/g,&amp;amp;quot; &amp;amp;quot;))}var Ca=/[?&amp;amp;amp;]($|#)/; function Da(a,b){for(var c=a.search(Aa),d=0,e,f=[];0&amp;lt;=(e=za(a,d,&amp;amp;quot;nis&amp;amp;quot;,c));)f.push(a.substring(d,e)),d=Math.min(a.indexOf(&amp;amp;quot;&amp;amp;amp;&amp;amp;quot;,e)+1||c,c);f.push(a.slice(d));a=f.join(&amp;amp;quot;&amp;amp;quot;).replace(Ca,&amp;amp;quot;$1&amp;amp;quot;);(b=&amp;amp;quot;nis&amp;amp;quot;+(null!=b?&amp;amp;quot;=&amp;amp;quot;+encodeURIComponent(String(b)):&amp;amp;quot;&amp;amp;quot;))?(c=a.indexOf(&amp;amp;quot;#&amp;amp;quot;),0&amp;gt;c&amp;amp;amp;&amp;amp;amp;(c=a.length),d=a.indexOf(&amp;amp;quot;?&amp;amp;quot;),0&amp;gt;d||d&amp;gt;c?(d=c,e=&amp;amp;quot;&amp;amp;quot;):e=a.substring(d+1,c),a=[a.slice(0,d),e,a.slice(c)],c=a[1],a[1]=b?c?c+&amp;amp;quot;&amp;amp;amp;&amp;amp;quot;+b:b:c,b=a[0]+(a[1]?&amp;amp;quot;?&amp;amp;quot;+a[1]:&amp;amp;quot;&amp;amp;quot;)+a[2]):b=a;return b};function Ea(){if(!globalThis.crypto)return Math.random();try{const a=new Uint32Array(1);globalThis.crypto.getRandomValues(a);return a[0]/65536/65536}catch{return Math.random()}}function Fa(a,b){if(a)for(const c in a)Object.prototype.hasOwnProperty.call(a,c)&amp;amp;amp;&amp;amp;amp;b(a[c],c,a)}function Ga(a=document){return a.createElement(&amp;amp;quot;img&amp;amp;quot;)};function Ha(a,b=null){Ia(a,b)}function Ia(a,b){u.google_image_requests||(u.google_image_requests=[]);const c=Ga(u.document);if(b){const d=e=&amp;gt;{b&amp;amp;amp;&amp;amp;amp;b(e);c.removeEventListener&amp;amp;amp;&amp;amp;amp;c.removeEventListener(&amp;amp;quot;load&amp;amp;quot;,d,!1);c.removeEventListener&amp;amp;amp;&amp;amp;amp;c.removeEventListener(&amp;amp;quot;error&amp;amp;quot;,d,!1)};xa(c,&amp;amp;quot;load&amp;amp;quot;,d);xa(c,&amp;amp;quot;error&amp;amp;quot;,d)}c.src=a;u.google_image_requests.push(c)};let Ja=0;function Ka(a,b=null){return b&amp;amp;amp;&amp;amp;amp;b.getAttribute(&amp;amp;quot;data-jc&amp;amp;quot;)===String(a)?b:document.querySelector(`[${&amp;amp;quot;data-jc&amp;amp;quot;}=&amp;amp;quot;${a}&amp;amp;quot;]`)};function La(a){Ma||(Ma=new Ra);const b=Ma.g[a.key];if(&amp;amp;quot;proto&amp;amp;quot;===a.valueType){try{const c=JSON.parse(b);if(Array.isArray(c))return c}catch(c){}return a.defaultValue}return typeof b===typeof a.defaultValue?b:a.defaultValue}var Sa=class{constructor(){this.g={}}};var Ra=class extends Sa{constructor(){super();var a=Ka(Ja,document.currentScript);a=a&amp;amp;amp;&amp;amp;amp;a.getAttribute(&amp;amp;quot;data-jc-flags&amp;amp;quot;)||&amp;amp;quot;&amp;amp;quot;;try{const b=JSON.parse(a)[0];a=&amp;amp;quot;&amp;amp;quot;;for(let c=0;c&amp;lt;b.length;c++)a+=String.fromCharCode(b.charCodeAt(c)^&amp;amp;quot;\u0003\u0007\u0003\u0007\b\u0004\u0004\u0006\u0005\u0003&amp;amp;quot;.charCodeAt(c%10));this.g=JSON.parse(a)}catch(b){}}},Ma;class Ta{constructor(a,b){this.error=a;this.context=b.context;this.msg=b.message||&amp;amp;quot;&amp;amp;quot;;this.id=b.id||&amp;amp;quot;jserror&amp;amp;quot;;this.meta={}}};const Ua=RegExp(&amp;amp;quot;^https?://(\\w|-)+\\.cdn\\.ampproject\\.(net|org)(\\?|/|$)&amp;amp;quot;);var Va=class{constructor(a,b){this.g=a;this.h=b}},Wa=class{constructor(a,b){this.url=a;this.o=!!b;this.depth=null}};function S(a,b){const c={};c[a]=b;return[c]}function Xa(a,b,c,d,e){const f=[];Fa(a,function(g,l){(g=Ya(g,b,c,d,e))&amp;amp;amp;&amp;amp;amp;f.push(l+&amp;amp;quot;=&amp;amp;quot;+g)});return f.join(b)} function Ya(a,b,c,d,e){if(null==a)return&amp;amp;quot;&amp;amp;quot;;b=b||&amp;amp;quot;&amp;amp;amp;&amp;amp;quot;;c=c||&amp;amp;quot;,$&amp;amp;quot;;&amp;amp;quot;string&amp;amp;quot;==typeof c&amp;amp;amp;&amp;amp;amp;(c=c.split(&amp;amp;quot;&amp;amp;quot;));if(a instanceof Array){if(d=d||0,d&amp;lt;c.length){const f=[];for(let g=0;g&amp;lt;a.length;g++)f.push(Ya(a[g],b,c,d+1,e));return f.join(c[d])}}else if(&amp;amp;quot;object&amp;amp;quot;==typeof a)return e=e||0,2&amp;gt;e?encodeURIComponent(Xa(a,b,c,d,e+1)):&amp;amp;quot;...&amp;amp;quot;;return encodeURIComponent(String(a))}function Za(a){let b=1;for(const c in a.h)b=c.length&amp;gt;b?c.length:b;return 3997-b-a.i.length-1} function $a(a,b){let c=&amp;amp;quot;https://pagead2.googlesyndication.com&amp;amp;quot;+b,d=Za(a)-b.length;if(0&amp;gt;d)return&amp;amp;quot;&amp;amp;quot;;a.g.sort(function(f,g){return f-g});b=null;let e=&amp;amp;quot;&amp;amp;quot;;for(let f=0;f&amp;lt;a.g.length;f++){const g=a.g[f],l=a.h[g];for(let k=0;k&amp;lt;l.length;k++){if(!d){b=null==b?g:b;break}let h=Xa(l[k],a.i,&amp;amp;quot;,$&amp;amp;quot;);if(h){h=e+h;if(d&amp;gt;=h.length){d-=h.length;c+=h;e=a.i;break}b=null==b?g:b}}}a=&amp;amp;quot;&amp;amp;quot;;null!=b&amp;amp;amp;&amp;amp;amp;(a=e+&amp;amp;quot;trn=&amp;amp;quot;+b);return c+a}class ab{constructor(){this.i=&amp;amp;quot;&amp;amp;amp;&amp;amp;quot;;this.h={};this.l=0;this.g=[]}};function bb(){var a=U,b=window.google_srt;0&amp;lt;=b&amp;amp;amp;&amp;amp;amp;1&amp;gt;=b&amp;amp;amp;&amp;amp;amp;(a.g=b)}function cb(a,b,c,d=!1,e,f){if((d?a.g:Math.random())&amp;lt;(e||.01))try{let g;c instanceof ab?g=c:(g=new ab,Fa(c,(k,h)=&amp;gt;{var n=g;const m=n.l++;k=S(h,k);n.g.push(m);n.h[m]=k}));const l=$a(g,&amp;amp;quot;/pagead/gen_204?id=&amp;amp;quot;+b+&amp;amp;quot;&amp;amp;amp;&amp;amp;quot;);l&amp;amp;amp;&amp;amp;amp;(&amp;amp;quot;undefined&amp;amp;quot;!==typeof f?Ha(l,f):Ha(l))}catch(g){}}class db{constructor(){this.g=Math.random()}};let V=null;function eb(){const a=u.performance;return a&amp;amp;amp;&amp;amp;amp;a.now&amp;amp;amp;&amp;amp;amp;a.timing?Math.floor(a.now()+a.timing.navigationStart):Date.now()}function fb(){const a=u.performance;return a&amp;amp;amp;&amp;amp;amp;a.now?a.now():null};class gb{constructor(a,b){var c=fb()||eb();this.label=a;this.type=b;this.value=c;this.duration=0;this.uniqueId=Math.random();this.taskId=this.slotId=void 0}};const W=u.performance,hb=!!(W&amp;amp;amp;&amp;amp;amp;W.mark&amp;amp;amp;&amp;amp;amp;W.measure&amp;amp;amp;&amp;amp;amp;W.clearMarks),X=function(a){let b=!1,c;return function(){b||(c=a(),b=!0);return c}}(()=&amp;gt;{var a;if(a=hb){var b;if(null===V){V=&amp;amp;quot;&amp;amp;quot;;try{a=&amp;amp;quot;&amp;amp;quot;;try{a=u.top.location.hash}catch(c){a=u.location.hash}a&amp;amp;amp;&amp;amp;amp;(V=(b=a.match(/\bdeid=([\d,]+)/))?b[1]:&amp;amp;quot;&amp;amp;quot;)}catch(c){}}b=V;a=!!b.indexOf&amp;amp;amp;&amp;amp;amp;0&amp;lt;=b.indexOf(&amp;amp;quot;1337&amp;amp;quot;)}return a});function ib(a){a&amp;amp;amp;&amp;amp;amp;W&amp;amp;amp;&amp;amp;amp;X()&amp;amp;amp;&amp;amp;amp;(W.clearMarks(`goog_${a.label}_${a.uniqueId}_start`),W.clearMarks(`goog_${a.label}_${a.uniqueId}_end`))} class jb{constructor(){var a=window;this.h=[];this.i=a||u;let b=null;a&amp;amp;amp;&amp;amp;amp;(a.google_js_reporting_queue=a.google_js_reporting_queue||[],this.h=a.google_js_reporting_queue,b=a.google_measure_js_timing);this.g=X()||(null!=b?b:1&amp;gt;Math.random())}start(a,b){if(!this.g)return null;a=new gb(a,b);b=`goog_${a.label}_${a.uniqueId}_start`;W&amp;amp;amp;&amp;amp;amp;X()&amp;amp;amp;&amp;amp;amp;W.mark(b);return a}end(a){if(this.g&amp;amp;amp;&amp;amp;amp;&amp;amp;quot;number&amp;amp;quot;===typeof a.value){a.duration=(fb()||eb())-a.value;var b=`goog_${a.label}_${a.uniqueId}_end`;W&amp;amp;amp;&amp;amp;amp;X()&amp;amp;amp;&amp;amp;amp;W.mark(b);!this.g||2048&amp;lt; this.h.length||this.h.push(a)}}};function kb(a){let b=a.toString();a.name&amp;amp;amp;&amp;amp;amp;-1==b.indexOf(a.name)&amp;amp;amp;&amp;amp;amp;(b+=&amp;amp;quot;: &amp;amp;quot;+a.name);a.message&amp;amp;amp;&amp;amp;amp;-1==b.indexOf(a.message)&amp;amp;amp;&amp;amp;amp;(b+=&amp;amp;quot;: &amp;amp;quot;+a.message);if(a.stack){a=a.stack;var c=b;try{-1==a.indexOf(c)&amp;amp;amp;&amp;amp;amp;(a=c+&amp;amp;quot;\n&amp;amp;quot;+a);let d;for(;a!=d;)d=a,a=a.replace(RegExp(&amp;amp;quot;((https?:/..*/)[^/:]*:\\d+(?:.|\n)*)\\2&amp;amp;quot;),&amp;amp;quot;$1&amp;amp;quot;);b=a.replace(RegExp(&amp;amp;quot;\n *&amp;amp;quot;,&amp;amp;quot;g&amp;amp;quot;),&amp;amp;quot;\n&amp;amp;quot;)}catch(d){b=c}}return b} function lb(a,b,c,d){let e,f;try{a.g&amp;amp;amp;&amp;amp;amp;a.g.g?(f=a.g.start(b.toString(),3),e=c(),a.g.end(f)):e=c()}catch(g){c=!0;try{ib(f),c=a.u(b,new Ta(g,{message:kb(g)}),void 0,d)}catch(l){a.l(217,l)}if(c)window.console?.error?.(g);else throw g;}return e}function mb(a,b,c,d){var e=Y;return(...f)=&amp;gt;lb(e,a,()=&amp;gt;b.apply(c,f),d)} class nb{constructor(a=null){this.s=U;this.h=null;this.u=this.l;this.g=a;this.i=!1}l(a,b,c,d,e){e=e||&amp;amp;quot;jserror&amp;amp;quot;;let f;try{const z=new ab;var g=z;g.g.push(1);g.h[1]=S(&amp;amp;quot;context&amp;amp;quot;,a);b.error&amp;amp;amp;&amp;amp;amp;b.meta&amp;amp;amp;&amp;amp;amp;b.id||(b=new Ta(b,{message:kb(b)}));if(b.msg){g=z;var l=b.msg.substring(0,512);g.g.push(2);g.h[2]=S(&amp;amp;quot;msg&amp;amp;quot;,l)}var k=b.meta||{};b=k;if(this.h)try{this.h(b)}catch(A){}if(d)try{d(b)}catch(A){}d=z;k=[k];d.g.push(3);d.h[3]=k;d=u;k=[];let T;b=null;do{var h=d;try{var n;if(n=!!h&amp;amp;amp;&amp;amp;amp;null!=h.location.href)b:{try{I(h.foo); n=!0;break b}catch(A){}n=!1}var m=n}catch{m=!1}m?(T=h.location.href,b=h.document&amp;amp;amp;&amp;amp;amp;h.document.referrer||null):(T=b,b=null);k.push(new Wa(T||&amp;amp;quot;&amp;amp;quot;));try{d=h.parent}catch(A){d=null}}while(d&amp;amp;amp;&amp;amp;amp;h!=d);for(let A=0,Na=k.length-1;A&amp;lt;=Na;++A)k[A].depth=Na-A;h=u;if(h.location&amp;amp;amp;&amp;amp;amp;h.location.ancestorOrigins&amp;amp;amp;&amp;amp;amp;h.location.ancestorOrigins.length==k.length-1)for(m=1;m&amp;lt;k.length;++m){var q=k[m];q.url||(q.url=h.location.ancestorOrigins[m-1]||&amp;amp;quot;&amp;amp;quot;,q.o=!0)}var p=k;let ka=new Wa(u.location.href,!1);h=null;const la=p.length-1;for(q= la;0&amp;lt;=q;--q){var r=p[q];!h&amp;amp;amp;&amp;amp;amp;Ua.test(r.url)&amp;amp;amp;&amp;amp;amp;(h=r);if(r.url&amp;amp;amp;&amp;amp;amp;!r.o){ka=r;break}}r=null;const sb=p.length&amp;amp;amp;&amp;amp;amp;p[la].url;0!=ka.depth&amp;amp;amp;&amp;amp;amp;sb&amp;amp;amp;&amp;amp;amp;(r=p[la]);f=new Va(ka,r);if(f.h){p=z;var t=f.h.url||&amp;amp;quot;&amp;amp;quot;;p.g.push(4);p.h[4]=S(&amp;amp;quot;top&amp;amp;quot;,t)}var B={url:f.g.url||&amp;amp;quot;&amp;amp;quot;};if(f.g.url){var C=f.g.url.match(ya),J=C[1],Oa=C[3],Pa=C[4];t=&amp;amp;quot;&amp;amp;quot;;J&amp;amp;amp;&amp;amp;amp;(t+=J+&amp;amp;quot;:&amp;amp;quot;);Oa&amp;amp;amp;&amp;amp;amp;(t+=&amp;amp;quot;//&amp;amp;quot;,t+=Oa,Pa&amp;amp;amp;&amp;amp;amp;(t+=&amp;amp;quot;:&amp;amp;quot;+Pa));var Qa=t}else Qa=&amp;amp;quot;&amp;amp;quot;;J=z;B=[B,{url:Qa}];J.g.push(5);J.h[5]=B;cb(this.s,e,z,this.i,c)}catch(z){try{cb(this.s,e,{context:&amp;amp;quot;ecmserr&amp;amp;quot;,rctx:a,msg:kb(z),url:f&amp;amp;amp;&amp;amp;amp; f.g.url},this.i,c)}catch(T){}}return!0}};class ob{};let U,Y;const Z=new jb;var pb=()=&amp;gt;{window.google_measure_js_timing||(Z.g=!1,Z.h!=Z.i.google_js_reporting_queue&amp;amp;amp;&amp;amp;amp;(X()&amp;amp;amp;&amp;amp;amp;Array.prototype.forEach.call(Z.h,ib,void 0),Z.h.length=0))};(a=&amp;gt;{U=a??new db;&amp;amp;quot;number&amp;amp;quot;!==typeof window.google_srt&amp;amp;amp;&amp;amp;amp;(window.google_srt=Math.random());bb();Y=new nb(Z);Y.h=b=&amp;gt;{var c=Ja;0!==c&amp;amp;amp;&amp;amp;amp;(b.jc=String(c),c=(c=Ka(c,document.currentScript))&amp;amp;amp;&amp;amp;amp;c.getAttribute(&amp;amp;quot;data-jc-version&amp;amp;quot;)||&amp;amp;quot;unknown&amp;amp;quot;,b.shv=c)};Y.i=!0;&amp;amp;quot;complete&amp;amp;quot;==window.document.readyState?pb():Z.g&amp;amp;amp;&amp;amp;amp;xa(window,&amp;amp;quot;load&amp;amp;quot;,()=&amp;gt;{pb()})})(); var qb=(a,b,c,d)=&amp;gt;mb(a,b,c,d),rb=(a,b,c,d)=&amp;gt;{var e=ob;var f=&amp;amp;quot;m&amp;amp;quot;;e.m&amp;amp;amp;&amp;amp;amp;e.hasOwnProperty(f)||(f=new e,e.m=f);e=[];!b.eid&amp;amp;amp;&amp;amp;amp;e.length&amp;amp;amp;&amp;amp;amp;(b.eid=e.toString());cb(U,a,b,!0,c,d)};function tb(){const a=window;if(a.gmaSdk||a.webkit?.messageHandlers?.getGmaViewSignals)return a;try{const b=window.parent;if(b.gmaSdk||b.webkit?.messageHandlers?.getGmaViewSignals)return b}catch(b){}return null} function ub(a,b={},c=()=&amp;gt;{},d=()=&amp;gt;{},e=200,f,g){const l=String(Math.floor(2147483647*Ea()));let k=0;const h=n=&amp;gt;{try{const m=&amp;amp;quot;object&amp;amp;quot;===typeof n.data?n.data:JSON.parse(n.data);l===m.paw_id&amp;amp;amp;&amp;amp;amp;(window.clearTimeout(k),window.removeEventListener(&amp;amp;quot;message&amp;amp;quot;,h),m.signal?c(m.signal):m.error&amp;amp;amp;&amp;amp;amp;d(m.error))}catch(m){g(&amp;amp;quot;paw_sigs&amp;amp;quot;,{msg:&amp;amp;quot;postmessageError&amp;amp;quot;,err:m instanceof Error?m.message:&amp;amp;quot;nonError&amp;amp;quot;,data:null==n.data?&amp;amp;quot;null&amp;amp;quot;:500&amp;lt;n.data.length?n.data.substring(0,500):n.data})}};window.addEventListener(&amp;amp;quot;message&amp;amp;quot;,n=&amp;gt;{f(903, ()=&amp;gt;{h(n)})()});a.postMessage({paw_id:l,...b});k=window.setTimeout(()=&amp;gt;{window.removeEventListener(&amp;amp;quot;message&amp;amp;quot;,h);d(&amp;amp;quot;PAW GMA postmessage timed out.&amp;amp;quot;)},e)};function vb(a=document){return!!a.featurePolicy?.allowedFeatures().includes(&amp;amp;quot;attribution-reporting&amp;amp;quot;)};var wb=class extends Q{constructor(){super()}};function xb(a,b){return P(a,2,b)}function yb(a,b){return P(a,3,b)}function zb(a,b){return P(a,4,b)}function Ab(a,b){return P(a,5,b)}function Bb(a,b){return P(a,9,b)}function Cb(a,b){if(M(a.j)&amp;amp;amp;2)throw Error();if(null!=b){var c=!!b.length;for(var d=0;d&amp;lt;b.length;d++){var e=b[d];c=c&amp;amp;amp;&amp;amp;amp;!(M(e.j)&amp;amp;amp;2)}d=M(b);e=d|1;c=(c?e|8:e&amp;amp;amp;-9)|4;c!=d&amp;amp;amp;&amp;amp;amp;(Object.isFrozen(b)&amp;amp;amp;&amp;amp;amp;(b=Array.prototype.slice.call(b)),N(b,c))}null==b&amp;amp;amp;&amp;amp;amp;(b=ha);return ja(a,10,b)}function Db(a,b){return P(a,11,b)}function Eb(a,b){return P(a,1,b)} function Fb(a,b){return P(a,7,b)}var Gb=class extends Q{constructor(a){super(a,0,Gb.g)}};Gb.g=[10,6];const Hb=&amp;amp;quot;platform platformVersion architecture model uaFullVersion bitness fullVersionList wow64&amp;amp;quot;.split(&amp;amp;quot; &amp;amp;quot;);function Ib(){var a=window;if(&amp;amp;quot;function&amp;amp;quot;!==typeof a.navigator?.userAgentData?.getHighEntropyValues)return null;const b=a.google_tag_data??(a.google_tag_data={});if(b.uach_promise)return b.uach_promise;a=a.navigator.userAgentData.getHighEntropyValues(Hb).then(c=&amp;gt;{b.uach??(b.uach=c);return c});return b.uach_promise=a} function Jb(a){return Db(Cb(Ab(xb(Eb(zb(Fb(Bb(yb(new Gb,a.architecture||&amp;amp;quot;&amp;amp;quot;),a.bitness||&amp;amp;quot;&amp;amp;quot;),a.mobile||!1),a.model||&amp;amp;quot;&amp;amp;quot;),a.platform||&amp;amp;quot;&amp;amp;quot;),a.platformVersion||&amp;amp;quot;&amp;amp;quot;),a.uaFullVersion||&amp;amp;quot;&amp;amp;quot;),a.fullVersionList?.map(b=&amp;gt;{var c=new wb;c=P(c,1,b.brand);return P(c,2,b.version)})||[]),a.wow64||!1)}function Kb(){return Ib()?.then(a=&amp;gt;Jb(a))??null};class Lb{constructor(){this.promise=new Promise(a=&amp;gt;{this.g=a})}};window.viewReq=[];function Mb(a,b){b?(b=Ga(),b.src=a.replace(&amp;amp;quot;&amp;amp;amp;amp;&amp;amp;quot;,&amp;amp;quot;&amp;amp;amp;&amp;amp;quot;),b.attributionSrc=&amp;amp;quot;&amp;amp;quot;,window.viewReq.push(b)):(b=new Image,b.src=a.replace(&amp;amp;quot;&amp;amp;amp;amp;&amp;amp;quot;,&amp;amp;quot;&amp;amp;amp;&amp;amp;quot;),window.viewReq.push(b))}function Nb(a,b){const c={keepalive:!0,credentials:&amp;amp;quot;include&amp;amp;quot;,redirect:&amp;amp;quot;follow&amp;amp;quot;,method:&amp;amp;quot;get&amp;amp;quot;,mode:&amp;amp;quot;no-cors&amp;amp;quot;};b&amp;amp;amp;&amp;amp;amp;(c.mode=&amp;amp;quot;cors&amp;amp;quot;,c.headers={&amp;amp;quot;Attribution-Reporting-Eligible&amp;amp;quot;:&amp;amp;quot;event-source&amp;amp;quot;});fetch(a,c).catch(()=&amp;gt;{Mb(a,b)})}function Ob(a,b){window.fetch?Nb(a,b):Mb(a,b)}Ja=42; window.vu=a=&amp;gt;{var b=La(va);const c=tb();if(b&amp;amp;amp;&amp;amp;amp;c?.gmaSdk?.getViewSignals){var d=c.gmaSdk.getViewSignals();d&amp;amp;amp;&amp;amp;amp;(a=R(a,&amp;amp;quot;&amp;amp;amp;ms=&amp;amp;quot;+d))}La(ua)&amp;amp;amp;&amp;amp;amp;&amp;amp;quot;__google_lidar_radf_&amp;amp;quot;in window&amp;amp;amp;&amp;amp;amp;(a=R(a,&amp;amp;quot;&amp;amp;amp;avradf=1&amp;amp;quot;));const e=[];d=()=&amp;gt;{const g=new Lb;e.push(g.promise);return g.g};if(La(wa)){const g=Kb();if(null!=g){const l=d();g.then(k=&amp;gt;{a:{O=!0;try{var h=JSON.stringify(k.toJSON(),na);break a}finally{O=!1}h=void 0}k=[];for(var n=0,m=0;m&amp;lt;h.length;m++){var q=h.charCodeAt(m);255&amp;lt;q&amp;amp;amp;&amp;amp;amp;(k[n++]=q&amp;amp;amp;255,q&amp;gt;&amp;gt;=8);k[n++]=q}h=3;void 0===h&amp;amp;amp;&amp;amp;amp;(h= 0);if(!K)for(K={},n=&amp;amp;quot;ABCDEFGHIJKLMNOPQRSTUVWXYZabcdefghijklmnopqrstuvwxyz0123456789&amp;amp;quot;.split(&amp;amp;quot;&amp;amp;quot;),m=[&amp;amp;quot;+/=&amp;amp;quot;,&amp;amp;quot;+/&amp;amp;quot;,&amp;amp;quot;-_=&amp;amp;quot;,&amp;amp;quot;-_.&amp;amp;quot;,&amp;amp;quot;-_&amp;amp;quot;],q=0;5&amp;gt;q;q++){var p=n.concat(m[q].split(&amp;amp;quot;&amp;amp;quot;));da[q]=p;for(var r=0;r&amp;lt;p.length;r++){var t=p[r];void 0===K[t]&amp;amp;amp;&amp;amp;amp;(K[t]=r)}}h=da[h];n=Array(Math.floor(k.length/3));m=h[64]||&amp;amp;quot;&amp;amp;quot;;for(q=p=0;p&amp;lt;k.length-2;p+=3){var B=k[p],C=k[p+1];t=k[p+2];r=h[B&amp;gt;&amp;gt;2];B=h[(B&amp;amp;amp;3)&amp;lt;&amp;lt;4|C&amp;gt;&amp;gt;4];C=h[(C&amp;amp;amp;15)&amp;lt;&amp;lt;2|t&amp;gt;&amp;gt;6];t=h[t&amp;amp;amp;63];n[q++]=r+B+C+t}r=0;t=m;switch(k.length-p){case 2:r=k[p+1],t=h[(r&amp;amp;amp;15)&amp;lt;&amp;lt;2]||m;case 1:k=k[p], n[q]=h[k&amp;gt;&amp;gt;2]+h[(k&amp;amp;amp;3)&amp;lt;&amp;lt;4|r&amp;gt;&amp;gt;4]+t+m}k=n.join(&amp;amp;quot;&amp;amp;quot;);0&amp;lt;k.length&amp;amp;amp;&amp;amp;amp;(a=R(a,&amp;amp;quot;&amp;amp;amp;uach=&amp;amp;quot;+k));l()})}}if(b&amp;amp;amp;&amp;amp;amp;c?.webkit?.messageHandlers?.getGmaViewSignals){const g=d();ub(c.webkit.messageHandlers.getGmaViewSignals,{},l=&amp;gt;{a=R(a,&amp;amp;quot;&amp;amp;amp;&amp;amp;quot;+l);g()},()=&amp;gt;{g()},200,qb,rb)}const f=Ba(a)===(2).toString();f&amp;amp;amp;&amp;amp;amp;(b=vb(window.document)?6:5,a=Da(a,b));0&amp;lt;e.length?Promise.all(e).then(()=&amp;gt;{Ob(a,f)}):Ob(a,f)};}).call(this);&amp;lt;/script&amp;gt;&amp;lt;script&amp;gt;vu(&amp;amp;quot;https://securepubads.g.doubleclick.net/pagead/adview?ai\x3dCIQGK18VhZIr8DqDPmsMPxaqP-Aeu5NSxXPmE1NClA8CNtwEQASAAYOWK5oO4DoIBF2NhLXB1Yi00NTczMjMxNTUwMzU1MjIxyAEJqQJGi0ye9T1KPuACAKgDAaoE6gFP0Az8caZfYO5d9UGz2VELhAmwJZQrdBUg57fgXbtfdidN6l3bF550YbjVFYc8OkEXq2FaTJk_4dUBP_r47BivL6RLxsVZkKe-iGT5vqEocrjfS8EgvCsAMwDLRln0rtzHmj76esShyNW5hbQtyqnKluGydCCTfa_MX6VoYBlHcWG0HfoCg90IxpMKrLErYBLfN-XvNBy1M5JJP7IvC8gFRGrpstmzxbC4pD0Wqs5QxpeDxsUIsp-VQVcmxc-JJK7FPKaGQwzsOo3WDcWmUOkDkijSdFQm62y6d7tuoaWzR9UXBebjataVEQvgBAGABqfOleXo2bXVwwGgBiGoB6a-G6gHltgbqAeqm7ECqAeDrbECqAf_nrECqAffn7EC2AcA0ggNCIBhEAEyAooCOgKAQPIIG2FkeC1zdWJzeW4tMzUyMDYxNzM0MTY2NTU5MoAKA_oLAggBgAwB0BUBgBcBshccChoSFHB1Yi00NTczMjMxNTUwMzU1MjIxGOqqcg\x26sigh\x3d-d2Q_YprghA\x26uach_m\x3d[UACH]\x26cid\x3dCAQSPABygQiDYJe0dgxn1C_T4Yb3TsT6UMhqNN9xE_lkEfsQ_owxaExMCs-UUGOWWnIGf3igZTMfHx3KGlblqxgB&amp;amp;quot;)&amp;lt;/script&amp;gt;&amp;lt;script&amp;gt;vu(&amp;amp;quot;https://rtb.jp2.as.criteo.com/google/auction/notify?profile\x3d14\x26payload\x3dkKjqFovQG9gFWpH42tUGAAAAOzY90fXSa-YQ1sVhZFbBPy11JqgAvc8AABIAAAoKQVFVQkRRRVBEUQ\x26wp\x3dZGHF1wADvgoCZqegAAPVRfduxQ64X_cYeEhSPA&amp;amp;quot;)&amp;lt;/script&amp;gt;&amp;lt;div class=&amp;amp;quot;GoogleActiveViewInnerContainer&amp;amp;quot;style=&amp;amp;quot;left:0px;top:0px;width:100%;height:100%;position:fixed;pointer-events:none;z-index:-9999;&amp;amp;quot;&amp;gt;&amp;lt;/div&amp;gt;&amp;lt;div style=&amp;amp;quot;display:inline&amp;amp;quot;class=&amp;amp;quot;GoogleActiveViewElement&amp;amp;quot;data-google-av-cxn=&amp;amp;quot;https://pagead2.googlesyndication.com/pcs/activeview?xai=AKAOjsvypbYDfDF1ycWfwPjOuG75V9GFfnlGV0Wda3hnldpS7B23y-FhkPQ4UTjal2BDmB-Plz1P4MiZuLSP_yT-xzQWk2fz&amp;amp;amp;amp;sig=Cg0ArKJSzCQ2nx8Cu84GEAE&amp;amp;quot;data-google-av-adk=&amp;amp;quot;3054124753&amp;amp;quot;data-google-av-metadata=&amp;amp;quot;la=0&amp;amp;amp;amp;xdi=0&amp;amp;amp;amp;&amp;amp;quot;data-google-av-ufs-integrator-metadata=&amp;amp;quot;ErwBCrUBaHR0cHM6Ly9wYWdlYWQyLmdvb2dsZXN5bmRpY2F0aW9uLmNvbS9wY3MvYWN0aXZldmlldz94YWk9QUtBT2pzdnlwYllEZkRGMXljV2Z3UGpPdUc3NVY5R0ZmbmxHVjBXZGEzaG5sZHBTN0IyM3ktRmhrUFE0VVRqYWwyQkRtQi1QbHoxUDRNaVp1TFNQX3lULXh6UVdrMmZ6JnNpZz1DZzBBcktKU3pDUTJueDhDdTg0R0VBRRIAGgA&amp;amp;quot;data-google-av-override=&amp;amp;quot;-1&amp;amp;quot;data-google-av-dm=&amp;amp;quot;2&amp;amp;quot;data-google-av-aid=&amp;amp;quot;0&amp;amp;quot;data-google-av-naid=&amp;amp;quot;1&amp;amp;quot;data-google-av-slift=&amp;amp;quot;&amp;amp;quot;data-google-av-cpmav=&amp;amp;quot;&amp;amp;quot;data-google-av-btr=&amp;amp;quot;&amp;amp;quot;data-google-av-itpl=&amp;amp;quot;20&amp;amp;quot;data-google-av-rs=&amp;amp;quot;4&amp;amp;quot;data-google-av-flags=&amp;amp;quot;[&amp;amp;amp;quot;x%278440&amp;amp;amp;#39;9efotm(&amp;amp;amp;amp;753374%2bejvf/%27844&amp;amp;amp;gt;&amp;amp;amp;#39;9wuvb$&amp;amp;amp;amp;56533&amp;amp;amp;gt;!=|vqc)!273794&amp;amp;amp;amp;&amp;amp;amp;lt;qqvb/%&amp;amp;amp;lt;1735020!=nehu`/!364=5051!9abk{a($160210:3&amp;amp;amp;amp;&amp;amp;amp;lt;cbotf+*0150034:%2bejvf/%72;17613!=efdwa*&amp;amp;amp;#39;76463;21$?ebkpb$&amp;amp;amp;amp;0366717&amp;amp;amp;gt;*&amp;amp;amp;gt;bgipf+!3=712363%9aihwc)!7202&amp;amp;amp;lt;217&amp;amp;amp;#39;9efotm(&amp;amp;amp;amp;20061;48&amp;amp;amp;amp;&amp;amp;amp;gt;`dopb/%&amp;amp;amp;lt;1707200!=8(&amp;amp;amp;amp;2005575?&amp;amp;amp;amp;&amp;amp;amp;gt;`dopb/%&amp;amp;amp;lt;170642?!=|vqc)!7201;=50&amp;amp;amp;#39;9wuvb$&amp;amp;amp;amp;03641654*&amp;amp;amp;gt;bgipf+!3=731103%9aihwc)!7200?073&amp;amp;amp;#39;9efotm(&amp;amp;amp;amp;2004?51;&amp;amp;amp;amp;&amp;amp;amp;gt;`dopb/%&amp;amp;amp;lt;17&amp;amp;amp;gt;474&amp;amp;amp;gt;!=nehu`/!36406412!9abk{a($167745;=&amp;amp;amp;amp;&amp;amp;amp;lt;cbotf+*01254133%2bejvf/%72&amp;amp;amp;lt;43412!=efdwa{&amp;amp;amp;quot;]&amp;amp;quot;&amp;gt;&amp;lt;iframe id=&amp;apos;d6814ddf&amp;apos; name=&amp;apos;d6814ddf&amp;apos; src=&amp;apos;https://ads.as.criteo.com/delivery/r/afr.php?z=ZGHF1wADvgoCZqegAAPVRfduxQ64X_cYeEhSPA&amp;amp;amp;u=%7CHHAbiAHy62m4Dj8lnj2dJfpSJsJBDpN78fZKEngcuns%3D%7C&amp;amp;amp;c1=0n2XosTo5cm2a-Hcp7XBswXP_Pnh5wGNJFnD5UhbQqfOSxiZ3nhhcqMBhL_lZw9usTLVfAM6d9LVwHBW84iV_MI0V1x0tTChrnZHobRlO5q_XkuMQpyTlXUYTnOprHe6IV2HAPuRFWAVLs15YEJbqa0Gvpnyc5cE0r77Z7OZ_iKKk2xhfOVb_3ZKO7oGg_V-_2riNKZ3_vaY2QWL9kFM-6j2mLzvkPZ5K1XULAeZxftlw0AFWG2iTCc395W1ia7Ipfrkpl_wA3F1pa-Jv1B9G87x5Pn7bB_F4-PY-f92tH6bJq4IrSlgRTuF05ev-Ws_Sp26epe0MNnYc_FKinC96CLkDFYzSz3MXoNIbclfzeD5P2kjTaWfaAgSDGCc3fvlwwo6rIVPrZrbrEKIuGarCyGBDnE47bPdpFJiEqRy3OfKWufjXWpUcvfbuxdS0rvTiMJS3g7J1EnbYqZUQGwHI-G6neMy9DxmyDXCpKiaCxHizQHHsmTSHIidYmY38Y_fUiQRx4PP02QA8SVWvC6e-tIQsJpvs0Na9FGzu-xJS5UujAgxRxqzN323eB5jpng-9ry89--3iUE4e0tXKqQhR-79dXpsCjdmy87npuhNS0Ytx7NF4BfuPWaxdIXE0Hbem5FJ4IM-nYQ&amp;amp;amp;ct0=https://adclick.g.doubleclick.net/aclk%3Fsa%3DL%26ai%3DCR0EE18VhZIr8DqDPmsMPxaqP-Aeu5NSxXPmE1NClA8CNtwEQASAAYOWK5oO4DoIBF2NhLXB1Yi00NTczMjMxNTUwMzU1MjIxyAEJqQJGi0ye9T1KPuACAKgDAaoE7QFP0Az8caZfYO5d9UGz2VELhAmwJZQrdBUg57fgXbtfdidN6l3bF550YbjVFYc8OkEXq2FaTJk_4dUBP_r47BivL6RLxsVZkKe-iGT5vqEocrjfS8EgvCsAMwDLRln0rtzHmj76esShyNW5hbQtyqnKluGydCCTfa_MX6VoYBlHcWG0HfoCg90IxpMKrLErYBLfN-XvNBy1M5JJP7IvC8gFRGrpstmzxbC4pD0Wqs5QxpeDxsUIsp-VQVcmxc-JJK7FPKaGAQ7NqHcEhJZE2fi1Qi1hjC4x4amzWaPUAG229CeoG8r7kiEEQuk9ShjgBAGABqfOleXo2bXVwwGgBiGoB6a-G6gHltgbqAeqm7ECqAeDrbECqAf_nrECqAffn7EC2AcA0ggNCIBhEAEyAooCOgKAQPIIG2FkeC1zdWJzeW4tMzUyMDYxNzM0MTY2NTU5MvoLAggBgAwB0BUBgBcB%26num%3D1%26sig%3DAOD64_1OUaKZ0lIa7qPEUpqmx_oO8yj7aA%26client%3Dca-pub-4573231550355221%26adurl%3D&amp;apos; framespacing=&amp;apos;0&amp;apos; frameborder=&amp;apos;no&amp;apos; scrolling=&amp;apos;no&amp;apos; width=&amp;apos;728&amp;apos; height=&amp;apos;90&amp;apos; allow=&amp;amp;quot;attribution-reporting&amp;amp;quot;&amp;gt;&amp;lt;/iframe&amp;gt;&amp;lt;/div&amp;gt;&amp;lt;script data-jc=&amp;amp;quot;22&amp;amp;quot; src=&amp;amp;quot;https://tpc.googlesyndication.com/pagead/js/r20230510/r20110914/client/window_focus_fy2021.js&amp;amp;quot; async data-jc-version=&amp;amp;quot;r20230510&amp;amp;quot; data-jcp-url=&amp;amp;quot;https://googleads.g.doubleclick.net/pagead/interaction/?ai=CR0EE18VhZIr8DqDPmsMPxaqP-Aeu5NSxXPmE1NClA8CNtwEQASAAYOWK5oO4DoIBF2NhLXB1Yi00NTczMjMxNTUwMzU1MjIxyAEJqQJGi0ye9T1KPuACAKgDAaoE7QFP0Az8caZfYO5d9UGz2VELhAmwJZQrdBUg57fgXbtfdidN6l3bF550YbjVFYc8OkEXq2FaTJk_4dUBP_r47BivL6RLxsVZkKe-iGT5vqEocrjfS8EgvCsAMwDLRln0rtzHmj76esShyNW5hbQtyqnKluGydCCTfa_MX6VoYBlHcWG0HfoCg90IxpMKrLErYBLfN-XvNBy1M5JJP7IvC8gFRGrpstmzxbC4pD0Wqs5QxpeDxsUIsp-VQVcmxc-JJK7FPKaGAQ7NqHcEhJZE2fi1Qi1hjC4x4amzWaPUAG229CeoG8r7kiEEQuk9ShjgBAGABqfOleXo2bXVwwGgBiGoB6a-G6gHltgbqAeqm7ECqAeDrbECqAf_nrECqAffn7EC2AcA0ggNCIBhEAEyAooCOgKAQPIIG2FkeC1zdWJzeW4tMzUyMDYxNzM0MTY2NTU5MvoLAggBgAwB0BUBgBcB&amp;amp;amp;amp;sigh=zRvBF2jUA1g&amp;amp;amp;amp;cid=CAQSPABygQiDYJe0dgxn1C_T4Yb3TsT6UMhqNN9xE_lkEfsQ_owxaExMCs-UUGOWWnIGf3igZTMfHx3KGlblqw&amp;amp;quot; data-jcp-gws-id=&amp;amp;quot;&amp;amp;quot; data-jcp-qem-id=&amp;amp;quot;CMrDvqjO9v4CFaCnZgIdRdUDfw&amp;amp;quot;&amp;gt;&amp;lt;/script&amp;gt;&amp;lt;iframe title=&amp;amp;quot;Blank&amp;amp;quot; scrolling=&amp;amp;quot;no&amp;amp;quot; frameborder=0 height=0 width=0 src=&amp;amp;quot;https://pagead2.googlesyndication.com/pagead/s/cookie_push_onload.html#aHR0cHM6Ly9tYXRjaC5hZHNydnIub3JnL3RyYWNrL2NtZi9nb29nbGU_Z29vZ2xlX2dpZD1DQUVTRVBlRWRkeEdoR2VtZXBqZTh2TDc1YUkmZ29vZ2xlX2N2ZXI9MSZnb29nbGVfcHVzaD1BVGYxa0dPZGlTcG9TV1d1S1d3aU5UMDNseHE1Nm1oS0lGT1RicEtEdy1DaERFUF9BTW53cm10QVR5VFg1Ym1YeGFENUtPbUV6bFVVQjZrM1p3UzRDM0IxU1QteWh1VlhOaXFL,aHR0cHM6Ly94LmJpZHN3aXRjaC5uZXQvc3luYz9zc3A9Z29vZ2xlJmdvb2dsZV9naWQ9Q0FFU0VLMC1DeVZTYXFkWHpUTTFxaFNDMkE4Jmdvb2dsZV9jdmVyPTEmZ29vZ2xlX3B1c2g9QVRmMWtHTnhNZnBxc0EtTlFic3lrZG5abU5CUHEydDQyY2FSb2hCM2ZSVDJISk82ZFZlRzFUemFBYWM1V3IzUTFtN1ozMExINUlDZXpVR2JpTk5VbUZaY29GZXdEZ3BIel9sTA==,aHR0cHM6Ly9waXhlbC5ydWJpY29ucHJvamVjdC5jb20vZXhjaGFuZ2Uvc3luYy5waHA_cD1kZnAmZ29vZ2xlX2dpZD1DQUVTRUxBV3hOaHNHQW9EVU1wRXJMd1I4MU0mZ29vZ2xlX2N2ZXI9MSZnb29nbGVfcHVzaD1BVGYxa0dOODBhaWl6UlNSMWJYcVhBT2Z3bFMtbHZDYldNa0FaTmQ4eUI4Xzg0ZjR6WEhlUG5aNmNUcGp1WGVhMU1namlaTnZWem5jc2tZelhMWU12T1kteGxMSlFCaHhNdFI3,aHR0cHM6Ly9kcy51bmNuLmpwL2RvdWJsZWNsaWNrLzAvc3luY19wdXNoP2dvb2dsZV9naWQ9Q0FFU0VLQ0lPQVVfT0dRdWFpeWhBR1dabVdnJmdvb2dsZV9jdmVyPTEmZ29vZ2xlX3B1c2g9QVRmMWtHUEVKdFhycUFZV0dtZHJVWHk5UDN3NlN6bDQwYmFLTEJ5UFJjek1DY0tfaGZYMkxkZzBDNU1nODQ2V0JTMWFtM1FiOEdRRkhMWm5McVJPZFllMXUtcXlPTUZOYlNMeA==,aHR0cHM6Ly9vbmV0YWctc3lzLmNvbS9tYXRjaC8_aW50X2lkPTE5JnJlZGlyPTEmZ29vZ2xlX2dpZD1DQUVTRUZMZS1McnRYakkxTXM2WmEtNVFMVU0mZ29vZ2xlX2N2ZXI9MSZnb29nbGVfcHVzaD1BVGYxa0dNTExmaUZ1cUd4VGNQdzBFVG95WkdBRld0OGs4dVdKZ2M5cmdQUVlwc24wN01SYmotS05kNmZLckotRjF1WDhzTzRtbURKakphYUVXOEF0dHphX2hEWkQwQ3NuNXM=,aHR0cHM6Ly9jcy5jaG9jb2xhdGVwbGF0Zm9ybS5jb20vcHViP3BpZD1lYmRhJmdvb2dsZV9naWQ9Q0FFU0VFT3lQVzV0SmRCdEJYUlYyMWU2aW13Jmdvb2dsZV9jdmVyPTEmZ29vZ2xlX3B1c2g9QVRmMWtHUDRTSWUxM1Y2b2FDVGNOcDlMOXFBdDdnUWFoa2JGV3dETHBhdlFNTHhJeUhCeExWVXRiR0V1T2VzWXpIVllGdXkzdGFLblpWVkRXYnZjSEtqUXc5ZENqM05OT3V3cg==,aHR0cHM6Ly90Zy5zb2NkbS5jb20vcnRiL3N5bmNfYmVmb3JlP3Byb3RvPWdvb2dsZV9lYmRhJmdvb2dsZV9naWQ9Q0FFU0VEaW91OEEwRmRJOUN5SzFiejVoMm5NJmdvb2dsZV9jdmVyPTEmZ29vZ2xlX3B1c2g9QVRmMWtHTlR5VmU4eV9TLWdFa3lwa1NyVmlOUFBLUE9qMGJEMm16YmkzWEhxMy10Y0RHMmFNSGV4bUVaQ1ZoSkNmQVdYYlpvT1l6TWwwY0JpMFhISEo1T0dGN1V1dk9VZmkyNQ==,aHR0cHM6Ly9jbS5nLmRvdWJsZWNsaWNrLm5ldC9waXhlbC9hdHRyP2Q9QUhORjEzTHNVTlFwNTlPR0cxRDNuR3c5eGdFTjZrQU1Hd3JVVUd3VjhzX0hWY051aElhUTdwSml5VzByM0I3MkRNczI1ZnltdDRxdA==&amp;amp;quot;  style=&amp;amp;quot;position:absolute&amp;amp;quot; aria-hidden=&amp;amp;quot;true&amp;amp;quot;&amp;gt;&amp;lt;/iframe&amp;gt;&amp;lt;script data-jc=&amp;amp;quot;23&amp;amp;quot; src=&amp;amp;quot;https://tpc.googlesyndication.com/pagead/js/r20230510/r20110914/client/qs_click_protection_fy2021.js&amp;amp;quot; data-jc-version=&amp;amp;quot;r20230510&amp;amp;quot; data-jcp-init-data=&amp;amp;quot;[[[[null,500,99,2,9,null,null,null,1]]]]&amp;amp;quot;&amp;gt;&amp;lt;/script&amp;gt;&amp;lt;img src=&amp;amp;quot;//www.google.com/ads/measurement/l?ebcid=ALh7CaS0kUjEGuemYK5gXgBeLotNdSS36OcLk2WmjeqMhw5okd9T7yIP2menmZUowcGk9BDgo8DLKF0b3D5VWvsGqNY6pia2cw&amp;amp;quot; style=&amp;amp;quot;display:none;&amp;amp;quot; alt=&amp;amp;quot;&amp;amp;quot;&amp;gt;&amp;lt;/img&amp;gt;&amp;lt;script src=&amp;amp;quot;https://tpc.googlesyndication.com/safeframe/1-0-40/js/ext.js&amp;amp;quot;&amp;gt;&amp;lt;/script&amp;gt;&amp;lt;div style=&amp;amp;quot;bottom:0;right:0;width:728px;height:90px;background:initial !important;position:absolute !important;max-width:100% !important;max-height:100% !important;pointer-events:none !important;image-rendering:pixelated !important;z-index:2147483647;background-image:url(&amp;apos;data:image/png;base64,iVBORw0KGgoAAAANSUhEUgAAACsAAAAWBAMAAACrl3iAAAAABlBMVEUAAAD+AciWmZzWAAAAAnRSTlMAApidrBQAAAB6SURBVBjTbZEBDoAwDALpD/j/a42Abae2WWYjw5MB/1Wu+wE1E6i3VM8kBVZrko5SEmtqdfWOw5s5Ze9q3UHy1HCYG4a2q5ZU1OLC4EFiXUgkb5QUkscEgxcJh+TDbfP1l/sjmBTijM47sAgyd96xNMvrdgy/73JnCFyFXAYKWzbOUAAAAABJRU5ErkJggg==&amp;apos;) !important;&amp;amp;quot;&amp;gt;&amp;lt;/div&amp;
[...]
MoAKA_oLAggBgAwB0BUBgBcBshccChoSFHB1Yi00NTczMjMxNTUwMzU1MjIxGOqqcg\x26sigh\x3d-d2Q_YprghA\x26uach_m\x3d[UACH]\x26cid\x3dCAQSPABygQiDYJe0dgxn1C_T4Yb3TsT6UMhqNN9xE_lkEfsQ_owxaExMCs-UUGOWWnIGf3igZTMfHx3KGlblqxgB&quot;)</script><script>vu(&quot;https://rtb.jp2.as.criteo.com/google/auction/notify?profile\x3d14\x26payload\x3dkKjqFovQG9gFWpH42tUGAAAAOzY90fXSa-YQ1sVhZFbBPy11JqgAvc8AABIAAAoKQVFVQkRRRVBEUQ\x26wp\x3dZGHF1wADvgoCZqegAAPVRfduxQ64X_cYeEhSPA&quot;)</script><div class=&quot;GoogleActiveViewInnerContainer&quot;style=&quot;left:0px;top:0px;width:100%;height:100%;position:fixed;pointer-events:none;z-index:-9999;&quot;></div><div style=&quot;display:inline&quot;class=&quot;GoogleActiveViewElement&quot;data-google-av-cxn=&quot;https://pagead2.googlesyndication.com/pcs/activeview?xai=AKAOjsvypbYDfDF1ycWfwPjOuG75V9GFfnlGV0Wda3hnldpS7B23y-FhkPQ4UTjal2BDmB-Plz1P4MiZuLSP_yT-xzQWk2fz&amp;amp;sig=Cg0ArKJSzCQ2nx8Cu84GEAE&quot;data-google-av-adk=&quot;3054124753&quot;data-google-av-metadata=&quot;la=0&amp;amp;xdi=0&amp;amp;&quot;data-google-av-ufs-integrator-metadata=&quot;ErwBCrUBaHR0cHM6Ly9wYWdlYWQyLmdvb2dsZXN5bmRpY2F0aW9uLmNvbS9wY3MvYWN0aXZldmlldz94YWk9QUtBT2pzdnlwYllEZkRGMXljV2Z3UGpPdUc3NVY5R0ZmbmxHVjBXZGEzaG5sZHBTN0IyM3ktRmhrUFE0VVRqYWwyQkRtQi1QbHoxUDRNaVp1TFNQX3lULXh6UVdrMmZ6JnNpZz1DZzBBcktKU3pDUTJueDhDdTg0R0VBRRIAGgA&quot;data-google-av-override=&quot;-1&quot;data-google-av-dm=&quot;2&quot;data-google-av-aid=&quot;0&quot;data-google-av-naid=&quot;1&quot;data-google-av-slift=&quot;&quot;data-google-av-cpmav=&quot;&quot;data-google-av-btr=&quot;&quot;data-google-av-itpl=&quot;20&quot;data-google-av-rs=&quot;4&quot;data-google-av-flags=&quot;[&amp;quot;x%278440&amp;#39;9efotm(&amp;amp;753374%2bejvf/%27844&amp;gt;&amp;#39;9wuvb$&amp;amp;56533&amp;gt;!=|vqc)!273794&amp;amp;&amp;lt;qqvb/%&amp;lt;1735020!=nehu`/!364=5051!9abk{a($160210:3&amp;amp;&amp;lt;cbotf+*0150034:%2bejvf/%72;17613!=efdwa*&amp;#39;76463;21$?ebkpb$&amp;amp;0366717&amp;gt;*&amp;gt;bgipf+!3=712363%9aihwc)!7202&amp;lt;217&amp;#39;9efotm(&amp;amp;20061;48&amp;amp;&amp;gt;`dopb/%&amp;lt;1707200!=8(&amp;amp;2005575?&amp;amp;&amp;gt;`dopb/%&amp;lt;170642?!=|vqc)!7201;=50&amp;#39;9wuvb$&amp;amp;03641654*&amp;gt;bgipf+!3=731103%9aihwc)!7200?073&amp;#39;9efotm(&amp;amp;2004?51;&amp;amp;&amp;gt;`dopb/%&amp;lt;17&amp;gt;474&amp;gt;!=nehu`/!36406412!9abk{a($167745;=&amp;amp;&amp;lt;cbotf+*01254133%2bejvf/%72&amp;lt;43412!=efdwa{&amp;quot;]&quot;><iframe id='d6814ddf' name='d6814ddf' src='https://ads.as.criteo.com/delivery/r/afr.php?z=ZGHF1wADvgoCZqegAAPVRfduxQ64X_cYeEhSPA&amp;u=%7CHHAbiAHy62m4Dj8lnj2dJfpSJsJBDpN78fZKEngcuns%3D%7C&amp;c1=0n2XosTo5cm2a-Hcp7XBswXP_Pnh5wGNJFnD5UhbQqfOSxiZ3nhhcqMBhL_lZw9usTLVfAM6d9LVwHBW84iV_MI0V1x0tTChrnZHobRlO5q_XkuMQpyTlXUYTnOprHe6IV2HAPuRFWAVLs15YEJbqa0Gvpnyc5cE0r77Z7OZ_iKKk2xhfOVb_3ZKO7oGg_V-_2riNKZ3_vaY2QWL9kFM-6j2mLzvkPZ5K1XULAeZxftlw0AFWG2iTCc395W1ia7Ipfrkpl_wA3F1pa-Jv1B9G87x5Pn7bB_F4-PY-f92tH6bJq4IrSlgRTuF05ev-Ws_Sp26epe0MNnYc_FKinC96CLkDFYzSz3MXoNIbclfzeD5P2kjTaWfaAgSDGCc3fvlwwo6rIVPrZrbrEKIuGarCyGBDnE47bPdpFJiEqRy3OfKWufjXWpUcvfbuxdS0rvTiMJS3g7J1EnbYqZUQGwHI-G6neMy9DxmyDXCpKiaCxHizQHHsmTSHIidYmY38Y_fUiQRx4PP02QA8SVWvC6e-tIQsJpvs0Na9FGzu-xJS5UujAgxRxqzN323eB5jpng-9ry89--3iUE4e0tXKqQhR-79dXpsCjdmy87npuhNS0Ytx7NF4BfuPWaxdIXE0Hbem5FJ4IM-nYQ&amp;ct0=https://adclick.g.doubleclick.net/aclk%3Fsa%3DL%26ai%3DCR0EE18VhZIr8DqDPmsMPxaqP-Aeu5NSxXPmE1NClA8CNtwEQASAAYOWK5oO4DoIBF2NhLXB1Yi00NTczMjMxNTUwMzU1MjIxyAEJqQJGi0ye9T1KPuACAKgDAaoE7QFP0Az8caZfYO5d9UGz2VELhAmwJZQrdBUg57fgXbtfdidN6l3bF550YbjVFYc8OkEXq2FaTJk_4dUBP_r47BivL6RLxsVZkKe-iGT5vqEocrjfS8EgvCsAMwDLRln0rtzHmj76esShyNW5hbQtyqnKluGydCCTfa_MX6VoYBlHcWG0HfoCg90IxpMKrLErYBLfN-XvNBy1M5JJP7IvC8gFRGrpstmzxbC4pD0Wqs5QxpeDxsUIsp-VQVcmxc-JJK7FPKaGAQ7NqHcEhJZE2fi1Qi1hjC4x4amzWaPUAG229CeoG8r7kiEEQuk9ShjgBAGABqfOleXo2bXVwwGgBiGoB6a-G6gHltgbqAeqm7ECqAeDrbECqAf_nrECqAffn7EC2AcA0ggNCIBhEAEyAooCOgKAQPIIG2FkeC1zdWJzeW4tMzUyMDYxNzM0MTY2NTU5MvoLAggBgAwB0BUBgBcB%26num%3D1%26sig%3DAOD64_1OUaKZ0lIa7qPEUpqmx_oO8yj7aA%26client%3Dca-pub-4573231550355221%26adurl%3D' framespacing='0' frameborder='no' scrolling='no' width='728' height='90' allow=&quot;attribution-reporting&quot;></iframe></div><script data-jc=&quot;22&quot; src=&quot;https://tpc.googlesyndication.com/pagead/js/r20230510/r20110914/client/window_focus_fy2021.js&quot; async data-jc-version=&quot;r20230510&quot; data-jcp-url=&quot;https://googleads.g.doubleclick.net/pagead/interaction/?ai=CR0EE18VhZIr8DqDPmsMPxaqP-Aeu5NSxXPmE1NClA8CNtwEQASAAYOWK5oO4DoIBF2NhLXB1Yi00NTczMjMxNTUwMzU1MjIxyAEJqQJGi0ye9T1KPuACAKgDAaoE7QFP0Az8caZfYO5d9UGz2VELhAmwJZQrdBUg57fgXbtfdidN6l3bF550YbjVFYc8OkEXq2FaTJk_4dUBP_r47BivL6RLxsVZkKe-iGT5vqEocrjfS8EgvCsAMwDLRln0rtzHmj76esShyNW5hbQtyqnKluGydCCTfa_MX6VoYBlHcWG0HfoCg90IxpMKrLErYBLfN-XvNBy1M5JJP7IvC8gFRGrpstmzxbC4pD0Wqs5QxpeDxsUIsp-VQVcmxc-JJK7FPKaGAQ7NqHcEhJZE2fi1Qi1hjC4x4amzWaPUAG229CeoG8r7kiEEQuk9ShjgBAGABqfOleXo2bXVwwGgBiGoB6a-G6gHltgbqAeqm7ECqAeDrbECqAf_nrECqAffn7EC2AcA0ggNCIBhEAEyAooCOgKAQPIIG2FkeC1zdWJzeW4tMzUyMDYxNzM0MTY2NTU5MvoLAggBgAwB0BUBgBcB&amp;amp;sigh=zRvBF2jUA1g&amp;amp;cid=CAQSPABygQiDYJe0dgxn1C_T4Yb3TsT6UMhqNN9xE_lkEfsQ_owxaExMCs-UUGOWWnIGf3igZTMfHx3KGlblqw&quot; data-jcp-gws-id=&quot;&quot; data-jcp-qem-id=&quot;CMrDvqjO9v4CFaCnZgIdRdUDfw&quot;></script><iframe title=&quot;Blank&quot; scrolling=&quot;no&quot; frameborder=0 height=0 width=0 src=&quot;https://pagead2.googlesyndication.com/pagead/s/cookie_push_onload.html#aHR0cHM6Ly9tYXRjaC5hZHNydnIub3JnL3RyYWNrL2NtZi9nb29nbGU_Z29vZ2xlX2dpZD1DQUVTRVBlRWRkeEdoR2VtZXBqZTh2TDc1YUkmZ29vZ2xlX2N2ZXI9MSZnb29nbGVfcHVzaD1BVGYxa0dPZGlTcG9TV1d1S1d3aU5UMDNseHE1Nm1oS0lGT1RicEtEdy1DaERFUF9BTW53cm10QVR5VFg1Ym1YeGFENUtPbUV6bFVVQjZrM1p3UzRDM0IxU1QteWh1VlhOaXFL,aHR0cHM6Ly94LmJpZHN3aXRjaC5uZXQvc3luYz9zc3A9Z29vZ2xlJmdvb2dsZV9naWQ9Q0FFU0VLMC1DeVZTYXFkWHpUTTFxaFNDMkE4Jmdvb2dsZV9jdmVyPTEmZ29vZ2xlX3B1c2g9QVRmMWtHTnhNZnBxc0EtTlFic3lrZG5abU5CUHEydDQyY2FSb2hCM2ZSVDJISk82ZFZlRzFUemFBYWM1V3IzUTFtN1ozMExINUlDZXpVR2JpTk5VbUZaY29GZXdEZ3BIel9sTA==,aHR0cHM6Ly9waXhlbC5ydWJpY29ucHJvamVjdC5jb20vZXhjaGFuZ2Uvc3luYy5waHA_cD1kZnAmZ29vZ2xlX2dpZD1DQUVTRUxBV3hOaHNHQW9EVU1wRXJMd1I4MU0mZ29vZ2xlX2N2ZXI9MSZnb29nbGVfcHVzaD1BVGYxa0dOODBhaWl6UlNSMWJYcVhBT2Z3bFMtbHZDYldNa0FaTmQ4eUI4Xzg0ZjR6WEhlUG5aNmNUcGp1WGVhMU1namlaTnZWem5jc2tZelhMWU12T1kteGxMSlFCaHhNdFI3,aHR0cHM6Ly9kcy51bmNuLmpwL2RvdWJsZWNsaWNrLzAvc3luY19wdXNoP2dvb2dsZV9naWQ9Q0FFU0VLQ0lPQVVfT0dRdWFpeWhBR1dabVdnJmdvb2dsZV9jdmVyPTEmZ29vZ2xlX3B1c2g9QVRmMWtHUEVKdFhycUFZV0dtZHJVWHk5UDN3NlN6bDQwYmFLTEJ5UFJjek1DY0tfaGZYMkxkZzBDNU1nODQ2V0JTMWFtM1FiOEdRRkhMWm5McVJPZFllMXUtcXlPTUZOYlNMeA==,aHR0cHM6Ly9vbmV0YWctc3lzLmNvbS9tYXRjaC8_aW50X2lkPTE5JnJlZGlyPTEmZ29vZ2xlX2dpZD1DQUVTRUZMZS1McnRYakkxTXM2WmEtNVFMVU0mZ29vZ2xlX2N2ZXI9MSZnb29nbGVfcHVzaD1BVGYxa0dNTExmaUZ1cUd4VGNQdzBFVG95WkdBRld0OGs4dVdKZ2M5cmdQUVlwc24wN01SYmotS05kNmZLckotRjF1WDhzTzRtbURKakphYUVXOEF0dHphX2hEWkQwQ3NuNXM=,aHR0cHM6Ly9jcy5jaG9jb2xhdGVwbGF0Zm9ybS5jb20vcHViP3BpZD1lYmRhJmdvb2dsZV9naWQ9Q0FFU0VFT3lQVzV0SmRCdEJYUlYyMWU2aW13Jmdvb2dsZV9jdmVyPTEmZ29vZ2xlX3B1c2g9QVRmMWtHUDRTSWUxM1Y2b2FDVGNOcDlMOXFBdDdnUWFoa2JGV3dETHBhdlFNTHhJeUhCeExWVXRiR0V1T2VzWXpIVllGdXkzdGFLblpWVkRXYnZjSEtqUXc5ZENqM05OT3V3cg==,aHR0cHM6Ly90Zy5zb2NkbS5jb20vcnRiL3N5bmNfYmVmb3JlP3Byb3RvPWdvb2dsZV9lYmRhJmdvb2dsZV9naWQ9Q0FFU0VEaW91OEEwRmRJOUN5SzFiejVoMm5NJmdvb2dsZV9jdmVyPTEmZ29vZ2xlX3B1c2g9QVRmMWtHTlR5VmU4eV9TLWdFa3lwa1NyVmlOUFBLUE9qMGJEMm16YmkzWEhxMy10Y0RHMmFNSGV4bUVaQ1ZoSkNmQVdYYlpvT1l6TWwwY0JpMFhISEo1T0dGN1V1dk9VZmkyNQ==,aHR0cHM6Ly9jbS5nLmRvdWJsZWNsaWNrLm5ldC9waXhlbC9hdHRyP2Q9QUhORjEzTHNVTlFwNTlPR0cxRDNuR3c5eGdFTjZrQU1Hd3JVVUd3VjhzX0hWY051aElhUTdwSml5VzByM0I3MkRNczI1ZnltdDRxdA==&quot;  style=&quot;position:absolute&quot; aria-hidden=&quot;true&quot;></iframe><script data-jc=&quot;23&quot; src=&quot;https://tpc.googlesyndication.com/pagead/js/r20230510/r20110914/client/qs_click_protection_fy2021.js&quot; data-jc-version=&quot;r20230510&quot; data-jcp-init-data=&quot;[[[[null,500,99,2,9,null,null,null,1]]]]&quot;></script><img src=&quot;//www.google.com/ads/measurement/l?ebcid=ALh7CaS0kUjEGuemYK5gXgBeLotNdSS36OcLk2WmjeqMhw5okd9T7yIP2menmZUowcGk9BDgo8DLKF0b3D5VWvsGqNY6pia2cw&quot; style=&quot;display:none;&quot; alt=&quot;&quot;></img><script src=&quot;https://tpc.googlesyndication.com/safeframe/1-0-40/js/ext.js&quot;></script><div style=&quot;bottom:0;right:0;width:728px;height:90px;background:initial !important;position:absolute !important;max-width:100% !important;max-height:100% !important;pointer-events:none !important;image-rendering:pixelated !important;z-index:2147483647;background-image:url('data:image/png;base64,iVBORw0KGgoAAAANSUhEUgAAACsAAAAWBAMAAACrl3iAAAAABlBMVEUAAAD+AciWmZzWAAAAAnRSTlMAApidrBQAAAB6SURBVBjTbZEBDoAwDALpD/j/a42Abae2WWYjw5MB/1Wu+wE1E6i3VM8kBVZrko5SEmtqdfWOw5s5Ze9q3UHy1HCYG4a2q5ZU1OLC4EFiXUgkb5QUkscEgxcJh+TDbfP1l/sjmBTijM47sAgyd96xNMvrdgy/73JnCFyFXAYKWzbOUAAAAABJRU5ErkJggg==') !important;&quot;></div><script data-jc=&quot;103&quot; data-jc-version=&quot;r20230510&quot; data-jcp-base_url=&quot;https://googleads.g.doubleclick.net/pagead/conversion/?ai=CR0EE18VhZIr8DqDPmsMPxaqP-Aeu5NSxXPmE1NClA8CNtwEQASAAYOWK5oO4DoIBF2NhLXB1Yi00NTczMjMxNTUwMzU1MjIxyAEJqQJGi0ye9T1KPuACAKgDAaoE7QFP0Az8caZfYO5d9UGz2VELhAmwJZQrdBUg57fgXbtfdidN6l3bF550YbjVFYc8OkEXq2FaTJk_4dUBP_r47BivL6RLxsVZkKe-iGT5vqEocrjfS8EgvCsAMwDLRln0rtzHmj76esShyNW5hbQtyqnKluGydCCTfa_MX6VoYBlHcWG0HfoCg90IxpMKrLErYBLfN-XvNBy1M5JJP7IvC8gFRGrpstmzxbC4pD0Wqs5QxpeDxsUIsp-VQVcmxc-JJK7FPKaGAQ7NqHcEhJZE2fi1Qi1hjC4x4amzWaPUAG229CeoG8r7kiEEQuk9ShjgBAGABqfOleXo2bXVwwGgBiGoB6a-G6gHltgbqAeqm7ECqAeDrbECqAf_nrECqAffn7EC2AcA0ggNCIBhEAEyAooCOgKAQPIIG2FkeC1zdWJzeW4tMzUyMDYxNzM0MTY2NTU5MvoLAggBgAwB0BUBgBcB&amp;amp;sigh=zRvBF2jUA1g&quot; data-jcp-cpu_label=&quot;heavy_ad_intervention_cpu&quot; data-jcp-net_label=&quot;heavy_ad_intervention_network&quot;>(function(){'use strict';const c=function(a,b=null){return b&amp;&amp;b.getAttribute(&quot;data-jc&quot;)===String(a)?b:document.querySelector(`[${&quot;data-jc&quot;}=&quot;${a}&quot;]`)}(103,document.currentScript);if(null==c)throw Error(&quot;JSC not found 103&quot;);const f={},g=c.attributes;for(let a=g.length-1;0<=a;a--){const b=g[a].name;0===b.indexOf(&quot;data-jcp-&quot;)&amp;&amp;(f[b.substring(9)]=g[a].value)} (function(a,b,h){var d=window;a&amp;&amp;b&amp;&amp;h&amp;&amp;d.ReportingObserver&amp;&amp;d.fetch&amp;&amp;(new d.ReportingObserver((e,k)=>{e=e[0];&quot;HeavyAdIntervention&quot;===e?.body?.id&amp;&amp;(d.fetch(`${a}&amp;label=${0<(e.body.message?.indexOf(&quot;network&quot;)||0)?h:b}`,{keepalive:!0,method:&quot;get&quot;,mode:&quot;no-cors&quot;}),k.disconnect())},{types:[&quot;intervention&quot;],buffered:!0})).observe()})(f.base_url,f.cpu_label,f.net_label);}).call(this);</script><script id=&quot;googleActiveViewDisplayScript&quot; src=&quot;https://www.googletagservices.com/activeview/js/current/rx_lidar.js?cache=r20110914&quot; async></script></body></html>{&quot;uid&quot;:&quot;2&quot;,&quot;hostPeerName&quot;:&quot;https://demoqa.com&quot;,&quot;initialGeometry&quot;:&quot;{\&quot;windowCoords_t\&quot;:0,\&quot;windowCoords_r\&quot;:1536,\&quot;windowCoords_b\&quot;:816,\&quot;windowCoords_l\&quot;:0,\&quot;frameCoords_t\&quot;:236,\&quot;frameCoords_r\&quot;:1130.3875122070312,\&quot;frameCoords_b\&quot;:326,\&quot;frameCoords_l\&quot;:402.38751220703125,\&quot;styleZIndex\&quot;:\&quot;auto\&quot;,\&quot;allowedExpansion_t\&quot;:236,\&quot;allowedExpansion_r\&quot;:388.61248779296875,\&quot;allowedExpansion_b\&quot;:374,\&quot;allowedExpansion_l\&quot;:402.38751220703125,\&quot;xInView\&quot;:1,\&quot;yInView\&quot;:1}&quot;,&quot;permissions&quot;:&quot;{\&quot;expandByOverlay\&quot;:false,\&quot;expandByPush\&quot;:false,\&quot;readCookie\&quot;:false,\&quot;writeCookie\&quot;:false}&quot;,&quot;metadata&quot;:&quot;{\&quot;shared\&quot;:{\&quot;sf_ver\&quot;:\&quot;1-0-40\&quot;,\&quot;ck_on\&quot;:1,\&quot;flash_ver\&quot;:\&quot;0\&quot;}}&quot;,&quot;reportCreativeGeometry&quot;:false,&quot;isDifferentSourceWindow&quot;:false,&quot;goog_safeframe_hlt&quot;:{}}" scrolling="no" marginwidth="0" marginheight="0" width="728" height="90" data-is-safeframe="true" sandbox="allow-forms allow-popups allow-popups-to-escape-sandbox allow-same-origin allow-scripts allow-top-navigation-by-user-activation" role="region" aria-label="Advertisement" tabindex="0" data-google-container-id="2" style="border: 0px; vertical-align: bottom;"></iframe>
  (Session info: chrome=113.0.5672.93)
Build info: version: '4.8.1', revision: '8ebccac989'
System info: os.name: 'Windows 11', os.arch: 'amd64', os.version: '10.0', java.version: '17.0.5'
Driver info: org.openqa.selenium.chrome.ChromeDriver
Command: [5a088a2d615752c4a86ff8b5d0db1468, clickElement {id=E4FE637BD074ECDD0754E41323B59440_element_27}]
Capabilities {acceptInsecureCerts: false, browserName: chrome, browserVersion: 113.0.5672.93, chrome: {chromedriverVersion: 113.0.5672.63 (0e1a4471d5ae..., userDataDir: C:\Users\disan\AppData\Loca...}, goog:chromeOptions: {debuggerAddress: localhost:57421}, networkConnectionEnabled: false, pageLoadStrategy: normal, platformName: WINDOWS, proxy: Proxy(), se:cdp: ws://localhost:57421/devtoo..., se:cdpVersion: 113.0.5672.93, setWindowRect: true, strictFileInteractability: false, timeouts: {implicit: 0, pageLoad: 300000, script: 30000}, unhandledPromptBehavior: dismiss and notify, webauthn:extension:credBlob: true, webauthn:extension:largeBlob: true, webauthn:extension:minPinLength: true, webauthn:extension:prf: true, webauthn:virtualAuthenticators: true}
Element: [[ChromeDriver: chrome on WINDOWS (5a088a2d615752c4a86ff8b5d0db1468)] -> xpath: //*[@id="impressiveRadio"]]
Session ID: 5a088a2d615752c4a86ff8b5d0db1468
at org.openqa.selenium.remote.codec.w3c.W3CHttpResponseCodec.createException(W3CHttpResponseCodec.java:200)
at org.openqa.selenium.remote.codec.w3c.W3CHttpResponseCodec.decode(W3CHttpResponseCodec.java:133)
at org.openqa.selenium.remote.codec.w3c.W3CHttpResponseCodec.decode(W3CHttpResponseCodec.java:53)
at org.openqa.selenium.remote.HttpCommandExecutor.execute(HttpCommandExecutor.java:184)
at org.openqa.selenium.remote.service.DriverCommandExecutor.invokeExecute(DriverCommandExecutor.java:167)
at org.openqa.selenium.remote.service.DriverCommandExecutor.execute(DriverCommandExecutor.java:142)
at org.openqa.selenium.remote.RemoteWebDriver.execute(RemoteWebDriver.java:543)
at org.openqa.selenium.remote.RemoteWebElement.execute(RemoteWebElement.java:257)
at org.openqa.selenium.remote.RemoteWebElement.click(RemoteWebElement.java:78)
at com.demoqa.pages.ElementsPage.radioButton(ElementsPage.java:80)
at com.demoqa.testcases.ElementsTest.validateRadioButton(ElementsTest.java:47)
at java.base/java.util.ArrayList.forEach(ArrayList.java:1511)
... Removed 32 stack frames]]>
    </failure>
  </testcase> <!-- validateRadioButton -->
  <testcase classname="com.demoqa.testcases.ElementsTest" name="validateTextBox" time="0.744"/>
  <testcase classname="com.demoqa.testcases.ElementsTest" name="validateUpload" time="1.193">
    <failure type="org.openqa.selenium.ElementClickInterceptedException" message="element click intercepted: Element &amp;lt;li class=&amp;quot;btn btn-light &amp;quot; id=&amp;quot;item-7&amp;quot;&amp;gt;...&amp;lt;/li&amp;gt; is not clickable at point (200, 596). Other element would receive the click: &amp;lt;div id=&amp;quot;fixedban&amp;quot; style=&amp;quot;width:100%;margin:auto;text-align:center;float:none;overflow:hidden;display:scroll;position:fixed;bottom:0;z-index:9999999&amp;quot;&amp;gt;...&amp;lt;/div&amp;gt;
  (Session info: chrome=113.0.5672.93)
Build info: version: &amp;apos;4.8.1&amp;apos;, revision: &amp;apos;8ebccac989&amp;apos;
System info: os.name: &amp;apos;Windows 11&amp;apos;, os.arch: &amp;apos;amd64&amp;apos;, os.version: &amp;apos;10.0&amp;apos;, java.version: &amp;apos;17.0.5&amp;apos;
Driver info: org.openqa.selenium.chrome.ChromeDriver
Command: [84179a1388714c7811a4a28cfdfce123, clickElement {id=A3A5BF6D459B184208854E16E66C0C8F_element_24}]
Capabilities {acceptInsecureCerts: false, browserName: chrome, browserVersion: 113.0.5672.93, chrome: {chromedriverVersion: 113.0.5672.63 (0e1a4471d5ae..., userDataDir: C:\Users\disan\AppData\Loca...}, goog:chromeOptions: {debuggerAddress: localhost:60820}, networkConnectionEnabled: false, pageLoadStrategy: normal, platformName: WINDOWS, proxy: Proxy(), se:cdp: ws://localhost:60820/devtoo..., se:cdpVersion: 113.0.5672.93, setWindowRect: true, strictFileInteractability: false, timeouts: {implicit: 0, pageLoad: 300000, script: 30000}, unhandledPromptBehavior: dismiss and notify, webauthn:extension:credBlob: true, webauthn:extension:largeBlob: true, webauthn:extension:minPinLength: true, webauthn:extension:prf: true, webauthn:virtualAuthenticators: true}
Element: [[ChromeDriver: chrome on WINDOWS (84179a1388714c7811a4a28cfdfce123)] -&amp;gt; xpath: //*[@id=&amp;quot;item-7&amp;quot;][1]]
Session ID: 84179a1388714c7811a4a28cfdfce123">
      <![CDATA[org.openqa.selenium.ElementClickInterceptedException: element click intercepted: Element <li class="btn btn-light " id="item-7">...</li> is not clickable at point (200, 596). Other element would receive the click: <div id="fixedban" style="width:100%;margin:auto;text-align:center;float:none;overflow:hidden;display:scroll;position:fixed;bottom:0;z-index:9999999">...</div>
  (Session info: chrome=113.0.5672.93)
Build info: version: '4.8.1', revision: '8ebccac989'
System info: os.name: 'Windows 11', os.arch: 'amd64', os.version: '10.0', java.version: '17.0.5'
Driver info: org.openqa.selenium.chrome.ChromeDriver
Command: [84179a1388714c7811a4a28cfdfce123, clickElement {id=A3A5BF6D459B184208854E16E66C0C8F_element_24}]
Capabilities {acceptInsecureCerts: false, browserName: chrome, browserVersion: 113.0.5672.93, chrome: {chromedriverVersion: 113.0.5672.63 (0e1a4471d5ae..., userDataDir: C:\Users\disan\AppData\Loca...}, goog:chromeOptions: {debuggerAddress: localhost:60820}, networkConnectionEnabled: false, pageLoadStrategy: normal, platformName: WINDOWS, proxy: Proxy(), se:cdp: ws://localhost:60820/devtoo..., se:cdpVersion: 113.0.5672.93, setWindowRect: true, strictFileInteractability: false, timeouts: {implicit: 0, pageLoad: 300000, script: 30000}, unhandledPromptBehavior: dismiss and notify, webauthn:extension:credBlob: true, webauthn:extension:largeBlob: true, webauthn:extension:minPinLength: true, webauthn:extension:prf: true, webauthn:virtualAuthenticators: true}
Element: [[ChromeDriver: chrome on WINDOWS (84179a1388714c7811a4a28cfdfce123)] -> xpath: //*[@id="item-7"][1]]
Session ID: 84179a1388714c7811a4a28cfdfce123
at org.openqa.selenium.remote.codec.w3c.W3CHttpResponseCodec.createException(W3CHttpResponseCodec.java:200)
at org.openqa.selenium.remote.codec.w3c.W3CHttpResponseCodec.decode(W3CHttpResponseCodec.java:133)
at org.openqa.selenium.remote.codec.w3c.W3CHttpResponseCodec.decode(W3CHttpResponseCodec.java:53)
at org.openqa.selenium.remote.HttpCommandExecutor.execute(HttpCommandExecutor.java:184)
at org.openqa.selenium.remote.service.DriverCommandExecutor.invokeExecute(DriverCommandExecutor.java:167)
at org.openqa.selenium.remote.service.DriverCommandExecutor.execute(DriverCommandExecutor.java:142)
at org.openqa.selenium.remote.RemoteWebDriver.execute(RemoteWebDriver.java:543)
at org.openqa.selenium.remote.RemoteWebElement.execute(RemoteWebElement.java:257)
at org.openqa.selenium.remote.RemoteWebElement.click(RemoteWebElement.java:78)
at com.demoqa.pages.ElementsPage.upload(ElementsPage.java:129)
at com.demoqa.testcases.ElementsTest.validateUpload(ElementsTest.java:68)
at java.base/java.util.ArrayList.forEach(ArrayList.java:1511)
... Removed 32 stack frames]]>
    </failure>
  </testcase> <!-- validateUpload -->
  <testcase classname="com.demoqa.testcases.AlertsTest" name="validateAlerts" time="0.251"/>
  <testcase classname="com.demoqa.testcases.AlertsTest" name="validateAlertsFramesWindows" time="0.187"/>
  <testcase classname="com.demoqa.testcases.AlertsTest" name="validateBrowserWindow" time="0.27"/>
</testsuite> <!-- TestDemoQA -->
